<?xml version="1.0" encoding="UTF-8"?>
<robot generator="Robot 7.2.2 (Python 3.11.9 on win32)" generated="2025-05-27T17:28:49.955559" rpa="false" schemaversion="5">
<suite id="s1" name="Reqres Tests" source="C:\robotframework\tests\reqres_tests.robot">
<kw name="Iniciar Sessão" owner="api_keywords" type="SETUP">
<kw name="Create Dictionary" owner="BuiltIn">
<msg time="2025-05-27T17:28:50.440422" level="INFO">${headers} = {'x-api-key': 'reqres-free-v1', 'Content-Type': 'application/json'}</msg>
<var>${headers}</var>
<arg>x-api-key=${API_KEY}</arg>
<arg>Content-Type=application/json</arg>
<doc>Creates and returns a dictionary based on the given ``items``.</doc>
<status status="PASS" start="2025-05-27T17:28:50.433819" elapsed="0.006603"/>
</kw>
<kw name="Create Session" owner="RequestsLibrary">
<msg time="2025-05-27T17:28:50.440422" level="INFO">Creating Session using : alias=reqres, url=https://reqres.in/api, headers={'x-api-key': 'reqres-free-v1', 'Content-Type': 'application/json'},                     cookies={}, auth=None, timeout=None, proxies=None, verify=False,                     debug=0 </msg>
<arg>reqres</arg>
<arg>${API_BASE_URL}</arg>
<arg>headers=${headers}</arg>
<doc>Create Session: create a HTTP session to a server</doc>
<status status="PASS" start="2025-05-27T17:28:50.440422" elapsed="0.000000"/>
</kw>
<status status="PASS" start="2025-05-27T17:28:50.433819" elapsed="0.006603"/>
</kw>
<test id="s1-t1" name="Cenário: GET Listar Usuários Sucesso" line="11">
<kw name="GET Listar Usuários" owner="api_keywords">
<kw name="Iniciar Sessão" owner="api_keywords">
<kw name="Create Dictionary" owner="BuiltIn">
<msg time="2025-05-27T17:28:50.442426" level="INFO">${headers} = {'x-api-key': 'reqres-free-v1', 'Content-Type': 'application/json'}</msg>
<var>${headers}</var>
<arg>x-api-key=${API_KEY}</arg>
<arg>Content-Type=application/json</arg>
<doc>Creates and returns a dictionary based on the given ``items``.</doc>
<status status="PASS" start="2025-05-27T17:28:50.442426" elapsed="0.000000"/>
</kw>
<kw name="Create Session" owner="RequestsLibrary">
<msg time="2025-05-27T17:28:50.442426" level="INFO">Creating Session using : alias=reqres, url=https://reqres.in/api, headers={'x-api-key': 'reqres-free-v1', 'Content-Type': 'application/json'},                     cookies={}, auth=None, timeout=None, proxies=None, verify=False,                     debug=0 </msg>
<arg>reqres</arg>
<arg>${API_BASE_URL}</arg>
<arg>headers=${headers}</arg>
<doc>Create Session: create a HTTP session to a server</doc>
<status status="PASS" start="2025-05-27T17:28:50.442426" elapsed="0.000000"/>
</kw>
<status status="PASS" start="2025-05-27T17:28:50.440422" elapsed="0.002004"/>
</kw>
<kw name="GET On Session" owner="RequestsLibrary">
<msg time="2025-05-27T17:28:50.574955" level="INFO">GET Request : url=https://reqres.in/api/users?page=2 
 path_url=/api/users?page=2 
 headers={'User-Agent': 'python-requests/2.32.3', 'Accept-Encoding': 'gzip, deflate', 'Accept': '*/*', 'Connection': 'keep-alive', 'x-api-key': 'reqres-free-v1', 'Content-Type': 'application/json'} 
 body=None 
 </msg>
<msg time="2025-05-27T17:28:50.576097" level="INFO">GET Response : url=https://reqres.in/api/users?page=2 
 status=200, reason=OK 
 headers={'Date': 'Tue, 27 May 2025 20:28:51 GMT', 'Content-Type': 'application/json; charset=utf-8', 'Transfer-Encoding': 'chunked', 'Connection': 'keep-alive', 'Cf-Ray': '946842d2d9b3ae93-GRU', 'Server': 'cloudflare', 'Content-Encoding': 'gzip', 'Report-To': '{"group":"heroku-nel","max_age":3600,"endpoints":[{"url":"https://nel.heroku.com/reports?ts=1748371989&amp;sid=c4c9725f-1ab0-44d8-820f-430df2718e11&amp;s=FNRHVL3pSqyrs74riMT3iCgBNohY4I5mIvO6ruaJPd4%3D"}]}', 'Reporting-Endpoints': 'heroku-nel=https://nel.heroku.com/reports?ts=1748371989&amp;sid=c4c9725f-1ab0-44d8-820f-430df2718e11&amp;s=FNRHVL3pSqyrs74riMT3iCgBNohY4I5mIvO6ruaJPd4%3D', 'Nel': '{"report_to":"heroku-nel","max_age":3600,"success_fraction":0.005,"failure_fraction":0.05,"response_headers":["Via"]}', 'X-Powered-By': 'Express', 'Access-Control-Allow-Origin': '*', 'Ratelimit-Policy': '100;w=60', 'Ratelimit-Limit': '100', 'Ratelimit-Remaining': '96', 'Ratelimit-Reset': '59', 'Etag': 'W/"440-ZjsmMKR8P3usr2uJZbOCGCxC3Uw"', 'Via': '1.1 vegur', 'Cache-Control': 'max-age=14400', 'Cf-Cache-Status': 'HIT', 'Age': '5742', 'Vary': 'Accept-Encoding', 'server-timing': 'cfL4;desc="?proto=TCP&amp;rtt=14820&amp;min_rtt=14488&amp;rtt_var=5670&amp;sent=5&amp;recv=6&amp;lost=0&amp;retrans=0&amp;sent_bytes=2836&amp;recv_bytes=834&amp;delivery_rate=281612&amp;cwnd=252&amp;unsent_bytes=0&amp;cid=cf6cbf245ecc844d&amp;ts=48&amp;x=0"'} 
 body={"page":2,"per_page":6,"total":12,"total_pages":2,"data":[{"id":7,"email":"michael.lawson@reqres.in","first_name":"Michael","last_name":"Lawson","avatar":"https://reqres.in/img/faces/7-image.jpg"},{"id":8,"email":"lindsay.ferguson@reqres.in","first_name":"Lindsay","last_name":"Ferguson","avatar":"https://reqres.in/img/faces/8-image.jpg"},{"id":9,"email":"tobias.funke@reqres.in","first_name":"Tobias","last_name":"Funke","avatar":"https://reqres.in/img/faces/9-image.jpg"},{"id":10,"email":"byron.fields@reqres.in","first_name":"Byron","last_name":"Fields","avatar":"https://reqres.in/img/faces/10-image.jpg"},{"id":11,"email":"george.edwards@reqres.in","first_name":"George","last_name":"Edwards","avatar":"https://reqres.in/img/faces/11-image.jpg"},{"id":12,"email":"rachel.howell@reqres.in","first_name":"Rachel","last_name":"Howell","avatar":"https://reqres.in/img/faces/12-image.jpg"}],"support":{"url":"https://contentcaddy.io?utm_source=reqres&amp;utm_medium=json&amp;utm_campaign=referral","text":"Tired of writing endless social media content? Let Content Caddy generate it for you."}} 
 </msg>
<msg time="2025-05-27T17:28:50.576097" level="INFO">C:\Users\thais\AppData\Local\Programs\Python\Python311\Lib\site-packages\urllib3\connectionpool.py:1097: InsecureRequestWarning: Unverified HTTPS request is being made to host 'reqres.in'. Adding certificate verification is strongly advised. See: https://urllib3.readthedocs.io/en/latest/advanced-usage.html#tls-warnings
  warnings.warn(</msg>
<msg time="2025-05-27T17:28:50.576403" level="INFO">${res} = &lt;Response [200]&gt;</msg>
<var>${res}</var>
<arg>reqres</arg>
<arg>url=/users?page=${page}</arg>
<arg>expected_status=anything</arg>
<doc>Sends a GET request on a previously created HTTP Session.</doc>
<status status="PASS" start="2025-05-27T17:28:50.442426" elapsed="0.133977"/>
</kw>
<kw name="Log" owner="BuiltIn">
<msg time="2025-05-27T17:28:50.576403" level="INFO">{'page': 2, 'per_page': 6, 'total': 12, 'total_pages': 2, 'data': [{'id': 7, 'email': 'michael.lawson@reqres.in', 'first_name': 'Michael', 'last_name': 'Lawson', 'avatar': 'https://reqres.in/img/faces/7-image.jpg'}, {'id': 8, 'email': 'lindsay.ferguson@reqres.in', 'first_name': 'Lindsay', 'last_name': 'Ferguson', 'avatar': 'https://reqres.in/img/faces/8-image.jpg'}, {'id': 9, 'email': 'tobias.funke@reqres.in', 'first_name': 'Tobias', 'last_name': 'Funke', 'avatar': 'https://reqres.in/img/faces/9-image.jpg'}, {'id': 10, 'email': 'byron.fields@reqres.in', 'first_name': 'Byron', 'last_name': 'Fields', 'avatar': 'https://reqres.in/img/faces/10-image.jpg'}, {'id': 11, 'email': 'george.edwards@reqres.in', 'first_name': 'George', 'last_name': 'Edwards', 'avatar': 'https://reqres.in/img/faces/11-image.jpg'}, {'id': 12, 'email': 'rachel.howell@reqres.in', 'first_name': 'Rachel', 'last_name': 'Howell', 'avatar': 'https://reqres.in/img/faces/12-image.jpg'}], 'support': {'url': 'https://contentcaddy.io?utm_source=reqres&amp;utm_medium=json&amp;utm_campaign=referral', 'text': 'Tired of writing endless social media content? Let Content Caddy generate it for you.'}}</msg>
<arg>${res.json()}</arg>
<doc>Logs the given message with the given level.</doc>
<status status="PASS" start="2025-05-27T17:28:50.576403" elapsed="0.001053"/>
</kw>
<return>
<value>${res}</value>
<status status="PASS" start="2025-05-27T17:28:50.577456" elapsed="0.000000"/>
</return>
<msg time="2025-05-27T17:28:50.577456" level="INFO">${res} = &lt;Response [200]&gt;</msg>
<var>${res}</var>
<status status="PASS" start="2025-05-27T17:28:50.440422" elapsed="0.137034"/>
</kw>
<kw name="Should Be Equal As Integers" owner="BuiltIn">
<msg time="2025-05-27T17:28:50.577922" level="INFO">Argument types are:
&lt;class 'int'&gt;
&lt;class 'str'&gt;</msg>
<arg>${res.status_code}</arg>
<arg>200</arg>
<doc>Fails if objects are unequal after converting them to integers.</doc>
<status status="PASS" start="2025-05-27T17:28:50.577922" elapsed="0.000000"/>
</kw>
<status status="PASS" start="2025-05-27T17:28:50.440422" elapsed="0.138224"/>
</test>
<test id="s1-t2" name="Cenário: GET Obter Usuário Único Sucesso" line="15">
<kw name="GET Obter Usuário" owner="api_keywords">
<kw name="Iniciar Sessão" owner="api_keywords">
<kw name="Create Dictionary" owner="BuiltIn">
<msg time="2025-05-27T17:28:50.579694" level="INFO">${headers} = {'x-api-key': 'reqres-free-v1', 'Content-Type': 'application/json'}</msg>
<var>${headers}</var>
<arg>x-api-key=${API_KEY}</arg>
<arg>Content-Type=application/json</arg>
<doc>Creates and returns a dictionary based on the given ``items``.</doc>
<status status="PASS" start="2025-05-27T17:28:50.579694" elapsed="0.000000"/>
</kw>
<kw name="Create Session" owner="RequestsLibrary">
<msg time="2025-05-27T17:28:50.580695" level="INFO">Creating Session using : alias=reqres, url=https://reqres.in/api, headers={'x-api-key': 'reqres-free-v1', 'Content-Type': 'application/json'},                     cookies={}, auth=None, timeout=None, proxies=None, verify=False,                     debug=0 </msg>
<arg>reqres</arg>
<arg>${API_BASE_URL}</arg>
<arg>headers=${headers}</arg>
<doc>Create Session: create a HTTP session to a server</doc>
<status status="PASS" start="2025-05-27T17:28:50.580695" elapsed="0.000000"/>
</kw>
<status status="PASS" start="2025-05-27T17:28:50.579694" elapsed="0.001001"/>
</kw>
<kw name="GET On Session" owner="RequestsLibrary">
<msg time="2025-05-27T17:28:50.720146" level="INFO">GET Request : url=https://reqres.in/api/users/2 
 path_url=/api/users/2 
 headers={'User-Agent': 'python-requests/2.32.3', 'Accept-Encoding': 'gzip, deflate', 'Accept': '*/*', 'Connection': 'keep-alive', 'x-api-key': 'reqres-free-v1', 'Content-Type': 'application/json'} 
 body=None 
 </msg>
<msg time="2025-05-27T17:28:50.720146" level="INFO">GET Response : url=https://reqres.in/api/users/2 
 status=200, reason=OK 
 headers={'Date': 'Tue, 27 May 2025 20:28:51 GMT', 'Content-Type': 'application/json; charset=utf-8', 'Transfer-Encoding': 'chunked', 'Connection': 'keep-alive', 'Cf-Ray': '946842d3bad5cdc3-GRU', 'Server': 'cloudflare', 'Content-Encoding': 'gzip', 'Report-To': '{"group":"heroku-nel","max_age":3600,"endpoints":[{"url":"https://nel.heroku.com/reports?ts=1748376832&amp;sid=c4c9725f-1ab0-44d8-820f-430df2718e11&amp;s=9E15jZ2oN98FZtFQmgNbXVYgTTWW9l%2Fwua%2FxlzOsPis%3D"}]}', 'Reporting-Endpoints': 'heroku-nel=https://nel.heroku.com/reports?ts=1748376832&amp;sid=c4c9725f-1ab0-44d8-820f-430df2718e11&amp;s=9E15jZ2oN98FZtFQmgNbXVYgTTWW9l%2Fwua%2FxlzOsPis%3D', 'Nel': '{"report_to":"heroku-nel","max_age":3600,"success_fraction":0.005,"failure_fraction":0.05,"response_headers":["Via"]}', 'X-Powered-By': 'Express', 'Access-Control-Allow-Origin': '*', 'Ratelimit-Policy': '100;w=60', 'Ratelimit-Limit': '100', 'Ratelimit-Remaining': '96', 'Ratelimit-Reset': '59', 'Etag': 'W/"152-ApQgGHL6RKwaebFlrPCYPBO1xHg"', 'Via': '1.1 vegur', 'Cache-Control': 'max-age=14400', 'Cf-Cache-Status': 'HIT', 'Age': '899', 'Vary': 'Accept-Encoding', 'server-timing': 'cfL4;desc="?proto=TCP&amp;rtt=14668&amp;min_rtt=13415&amp;rtt_var=5925&amp;sent=5&amp;recv=6&amp;lost=0&amp;retrans=0&amp;sent_bytes=2837&amp;recv_bytes=829&amp;delivery_rate=304137&amp;cwnd=252&amp;unsent_bytes=0&amp;cid=d19de1e90607b2c7&amp;ts=32&amp;x=0"'} 
 body={"data":{"id":2,"email":"janet.weaver@reqres.in","first_name":"Janet","last_name":"Weaver","avatar":"https://reqres.in/img/faces/2-image.jpg"},"support":{"url":"https://contentcaddy.io?utm_source=reqres&amp;utm_medium=json&amp;utm_campaign=referral","text":"Tired of writing endless social media content? Let Content Caddy generate it for you."}} 
 </msg>
<msg time="2025-05-27T17:28:50.720146" level="INFO">C:\Users\thais\AppData\Local\Programs\Python\Python311\Lib\site-packages\urllib3\connectionpool.py:1097: InsecureRequestWarning: Unverified HTTPS request is being made to host 'reqres.in'. Adding certificate verification is strongly advised. See: https://urllib3.readthedocs.io/en/latest/advanced-usage.html#tls-warnings
  warnings.warn(</msg>
<msg time="2025-05-27T17:28:50.721948" level="INFO">${res} = &lt;Response [200]&gt;</msg>
<var>${res}</var>
<arg>reqres</arg>
<arg>url=/users/${id}</arg>
<arg>expected_status=anything</arg>
<doc>Sends a GET request on a previously created HTTP Session.</doc>
<status status="PASS" start="2025-05-27T17:28:50.580695" elapsed="0.141253"/>
</kw>
<kw name="Log" owner="BuiltIn">
<msg time="2025-05-27T17:28:50.721948" level="INFO">{'data': {'id': 2, 'email': 'janet.weaver@reqres.in', 'first_name': 'Janet', 'last_name': 'Weaver', 'avatar': 'https://reqres.in/img/faces/2-image.jpg'}, 'support': {'url': 'https://contentcaddy.io?utm_source=reqres&amp;utm_medium=json&amp;utm_campaign=referral', 'text': 'Tired of writing endless social media content? Let Content Caddy generate it for you.'}}</msg>
<arg>${res.json()}</arg>
<doc>Logs the given message with the given level.</doc>
<status status="PASS" start="2025-05-27T17:28:50.721948" elapsed="0.000000"/>
</kw>
<return>
<value>${res}</value>
<status status="PASS" start="2025-05-27T17:28:50.721948" elapsed="0.000000"/>
</return>
<msg time="2025-05-27T17:28:50.723051" level="INFO">${res} = &lt;Response [200]&gt;</msg>
<var>${res}</var>
<arg>2</arg>
<status status="PASS" start="2025-05-27T17:28:50.579694" elapsed="0.143357"/>
</kw>
<kw name="Should Be Equal As Integers" owner="BuiltIn">
<msg time="2025-05-27T17:28:50.723310" level="INFO">Argument types are:
&lt;class 'int'&gt;
&lt;class 'str'&gt;</msg>
<arg>${res.status_code}</arg>
<arg>200</arg>
<doc>Fails if objects are unequal after converting them to integers.</doc>
<status status="PASS" start="2025-05-27T17:28:50.723310" elapsed="0.000000"/>
</kw>
<kw name="Dictionary Should Contain Key" owner="Collections">
<arg>${res.json()}</arg>
<arg>data</arg>
<doc>Fails if ``key`` is not found from ``dictionary``.</doc>
<status status="PASS" start="2025-05-27T17:28:50.723310" elapsed="0.001037"/>
</kw>
<status status="PASS" start="2025-05-27T17:28:50.579072" elapsed="0.145638"/>
</test>
<test id="s1-t3" name="Cenário: GET Obter Usuário Não Encontrado" line="20">
<kw name="GET Obter Usuário" owner="api_keywords">
<kw name="Iniciar Sessão" owner="api_keywords">
<kw name="Create Dictionary" owner="BuiltIn">
<msg time="2025-05-27T17:28:50.726139" level="INFO">${headers} = {'x-api-key': 'reqres-free-v1', 'Content-Type': 'application/json'}</msg>
<var>${headers}</var>
<arg>x-api-key=${API_KEY}</arg>
<arg>Content-Type=application/json</arg>
<doc>Creates and returns a dictionary based on the given ``items``.</doc>
<status status="PASS" start="2025-05-27T17:28:50.726139" elapsed="0.000000"/>
</kw>
<kw name="Create Session" owner="RequestsLibrary">
<msg time="2025-05-27T17:28:50.727235" level="INFO">Creating Session using : alias=reqres, url=https://reqres.in/api, headers={'x-api-key': 'reqres-free-v1', 'Content-Type': 'application/json'},                     cookies={}, auth=None, timeout=None, proxies=None, verify=False,                     debug=0 </msg>
<arg>reqres</arg>
<arg>${API_BASE_URL}</arg>
<arg>headers=${headers}</arg>
<doc>Create Session: create a HTTP session to a server</doc>
<status status="PASS" start="2025-05-27T17:28:50.726139" elapsed="0.001096"/>
</kw>
<status status="PASS" start="2025-05-27T17:28:50.726139" elapsed="0.001096"/>
</kw>
<kw name="GET On Session" owner="RequestsLibrary">
<msg time="2025-05-27T17:28:51.224715" level="INFO">GET Request : url=https://reqres.in/api/users/23 
 path_url=/api/users/23 
 headers={'User-Agent': 'python-requests/2.32.3', 'Accept-Encoding': 'gzip, deflate', 'Accept': '*/*', 'Connection': 'keep-alive', 'x-api-key': 'reqres-free-v1', 'Content-Type': 'application/json'} 
 body=None 
 </msg>
<msg time="2025-05-27T17:28:51.224715" level="INFO">GET Response : url=https://reqres.in/api/users/23 
 status=404, reason=Not Found 
 headers={'Date': 'Tue, 27 May 2025 20:28:51 GMT', 'Content-Type': 'application/json; charset=utf-8', 'Transfer-Encoding': 'chunked', 'Connection': 'keep-alive', 'Server': 'cloudflare', 'Vary': 'Accept-Encoding', 'Cf-Ray': '946842d48be000e9-GRU', 'Report-To': '{"group":"heroku-nel","max_age":3600,"endpoints":[{"url":"https://nel.heroku.com/reports?ts=1748377731&amp;sid=c4c9725f-1ab0-44d8-820f-430df2718e11&amp;s=ew4cGiu8Xg0mGK0KGY74JltKNvkrr7%2BKo%2FellXw1mwU%3D"}]}', 'Reporting-Endpoints': 'heroku-nel=https://nel.heroku.com/reports?ts=1748377731&amp;sid=c4c9725f-1ab0-44d8-820f-430df2718e11&amp;s=ew4cGiu8Xg0mGK0KGY74JltKNvkrr7%2BKo%2FellXw1mwU%3D', 'Nel': '{"report_to":"heroku-nel","max_age":3600,"success_fraction":0.005,"failure_fraction":0.05,"response_headers":["Via"]}', 'X-Powered-By': 'Express', 'Access-Control-Allow-Origin': '*', 'Ratelimit-Policy': '100;w=60', 'Ratelimit-Limit': '100', 'Ratelimit-Remaining': '98', 'Ratelimit-Reset': '60', 'Etag': 'W/"2-vyGp6PvFo4RvsFtPoIWeCReyIC8"', 'Via': '1.1 vegur', 'Cache-Control': 'max-age=14400', 'Cf-Cache-Status': 'EXPIRED', 'Content-Encoding': 'gzip', 'server-timing': 'cfL4;desc="?proto=TCP&amp;rtt=16725&amp;min_rtt=14281&amp;rtt_var=7101&amp;sent=5&amp;recv=6&amp;lost=0&amp;retrans=0&amp;sent_bytes=2837&amp;recv_bytes=830&amp;delivery_rate=285694&amp;cwnd=252&amp;unsent_bytes=0&amp;cid=209bd33c0c5ab470&amp;ts=427&amp;x=0"'} 
 body={} 
 </msg>
<msg time="2025-05-27T17:28:51.224715" level="INFO">C:\Users\thais\AppData\Local\Programs\Python\Python311\Lib\site-packages\urllib3\connectionpool.py:1097: InsecureRequestWarning: Unverified HTTPS request is being made to host 'reqres.in'. Adding certificate verification is strongly advised. See: https://urllib3.readthedocs.io/en/latest/advanced-usage.html#tls-warnings
  warnings.warn(</msg>
<msg time="2025-05-27T17:28:51.224715" level="INFO">${res} = &lt;Response [404]&gt;</msg>
<var>${res}</var>
<arg>reqres</arg>
<arg>url=/users/${id}</arg>
<arg>expected_status=anything</arg>
<doc>Sends a GET request on a previously created HTTP Session.</doc>
<status status="PASS" start="2025-05-27T17:28:50.727235" elapsed="0.497480"/>
</kw>
<kw name="Log" owner="BuiltIn">
<msg time="2025-05-27T17:28:51.224715" level="INFO">{}</msg>
<arg>${res.json()}</arg>
<doc>Logs the given message with the given level.</doc>
<status status="PASS" start="2025-05-27T17:28:51.224715" elapsed="0.000000"/>
</kw>
<return>
<value>${res}</value>
<status status="PASS" start="2025-05-27T17:28:51.228357" elapsed="0.000000"/>
</return>
<msg time="2025-05-27T17:28:51.228357" level="INFO">${res} = &lt;Response [404]&gt;</msg>
<var>${res}</var>
<arg>23</arg>
<status status="PASS" start="2025-05-27T17:28:50.725139" elapsed="0.503218"/>
</kw>
<kw name="Should Be Equal As Integers" owner="BuiltIn">
<msg time="2025-05-27T17:28:51.228357" level="INFO">Argument types are:
&lt;class 'int'&gt;
&lt;class 'str'&gt;</msg>
<arg>${res.status_code}</arg>
<arg>404</arg>
<doc>Fails if objects are unequal after converting them to integers.</doc>
<status status="PASS" start="2025-05-27T17:28:51.228357" elapsed="0.000000"/>
</kw>
<status status="PASS" start="2025-05-27T17:28:50.725139" elapsed="0.503218"/>
</test>
<test id="s1-t4" name="Cenário: POST Criar Usuário Sucesso" line="24">
<kw name="Load Json From File" owner="JSONLibrary">
<msg time="2025-05-27T17:28:51.231139" level="INFO">${payload} = {'name': 'morpheus', 'job': 'leader'}</msg>
<var>${payload}</var>
<arg>payloads/create_user.json</arg>
<doc>Load JSON from file.</doc>
<status status="PASS" start="2025-05-27T17:28:51.231139" elapsed="0.000000"/>
</kw>
<kw name="POST Criar Usuário" owner="api_keywords">
<kw name="Iniciar Sessão" owner="api_keywords">
<kw name="Create Dictionary" owner="BuiltIn">
<msg time="2025-05-27T17:28:51.231139" level="INFO">${headers} = {'x-api-key': 'reqres-free-v1', 'Content-Type': 'application/json'}</msg>
<var>${headers}</var>
<arg>x-api-key=${API_KEY}</arg>
<arg>Content-Type=application/json</arg>
<doc>Creates and returns a dictionary based on the given ``items``.</doc>
<status status="PASS" start="2025-05-27T17:28:51.231139" elapsed="0.000000"/>
</kw>
<kw name="Create Session" owner="RequestsLibrary">
<msg time="2025-05-27T17:28:51.231139" level="INFO">Creating Session using : alias=reqres, url=https://reqres.in/api, headers={'x-api-key': 'reqres-free-v1', 'Content-Type': 'application/json'},                     cookies={}, auth=None, timeout=None, proxies=None, verify=False,                     debug=0 </msg>
<arg>reqres</arg>
<arg>${API_BASE_URL}</arg>
<arg>headers=${headers}</arg>
<doc>Create Session: create a HTTP session to a server</doc>
<status status="PASS" start="2025-05-27T17:28:51.231139" elapsed="0.000000"/>
</kw>
<status status="PASS" start="2025-05-27T17:28:51.231139" elapsed="0.000000"/>
</kw>
<kw name="POST On Session" owner="RequestsLibrary">
<msg time="2025-05-27T17:28:51.711038" level="INFO">POST Request : url=https://reqres.in/api/users 
 path_url=/api/users 
 headers={'User-Agent': 'python-requests/2.32.3', 'Accept-Encoding': 'gzip, deflate', 'Accept': '*/*', 'Connection': 'keep-alive', 'x-api-key': 'reqres-free-v1', 'Content-Type': 'application/json', 'Content-Length': '37'} 
 body=b'{"name": "morpheus", "job": "leader"}' 
 </msg>
<msg time="2025-05-27T17:28:51.712042" level="INFO">POST Response : url=https://reqres.in/api/users 
 status=201, reason=Created 
 headers={'Date': 'Tue, 27 May 2025 20:28:52 GMT', 'Content-Type': 'application/json; charset=utf-8', 'Content-Length': '84', 'Connection': 'keep-alive', 'Server': 'cloudflare', 'Cf-Ray': '946842d7cebee1ab-GRU', 'Report-To': '{"group":"heroku-nel","max_age":3600,"endpoints":[{"url":"https://nel.heroku.com/reports?ts=1748377732&amp;sid=c4c9725f-1ab0-44d8-820f-430df2718e11&amp;s=3n3xOodmVfoG0aqjS14hzUBc9NoWxX%2F81Nn0GweJC%2FE%3D"}]}', 'Reporting-Endpoints': 'heroku-nel=https://nel.heroku.com/reports?ts=1748377732&amp;sid=c4c9725f-1ab0-44d8-820f-430df2718e11&amp;s=3n3xOodmVfoG0aqjS14hzUBc9NoWxX%2F81Nn0GweJC%2FE%3D', 'Nel': '{"report_to":"heroku-nel","max_age":3600,"success_fraction":0.005,"failure_fraction":0.05,"response_headers":["Via"]}', 'X-Powered-By': 'Express', 'Access-Control-Allow-Origin': '*', 'Ratelimit-Policy': '100;w=60', 'Ratelimit-Limit': '100', 'Ratelimit-Remaining': '96', 'Ratelimit-Reset': '60', 'Etag': 'W/"54-WwlxzvYltBKPZYsRSIm3OpYHw4Q"', 'Via': '1.1 vegur', 'Cf-Cache-Status': 'DYNAMIC', 'server-timing': 'cfL4;desc="?proto=TCP&amp;rtt=16609&amp;min_rtt=16163&amp;rtt_var=5146&amp;sent=5&amp;recv=7&amp;lost=0&amp;retrans=0&amp;sent_bytes=2837&amp;recv_bytes=907&amp;delivery_rate=222537&amp;cwnd=252&amp;unsent_bytes=0&amp;cid=eb4e83674f8d49ac&amp;ts=397&amp;x=0"'} 
 body={"name":"morpheus","job":"leader","id":"152","createdAt":"2025-05-27T20:28:52.093Z"} 
 </msg>
<msg time="2025-05-27T17:28:51.712042" level="INFO">C:\Users\thais\AppData\Local\Programs\Python\Python311\Lib\site-packages\urllib3\connectionpool.py:1097: InsecureRequestWarning: Unverified HTTPS request is being made to host 'reqres.in'. Adding certificate verification is strongly advised. See: https://urllib3.readthedocs.io/en/latest/advanced-usage.html#tls-warnings
  warnings.warn(</msg>
<msg time="2025-05-27T17:28:51.713037" level="INFO">${res} = &lt;Response [201]&gt;</msg>
<var>${res}</var>
<arg>reqres</arg>
<arg>url=/users</arg>
<arg>json=${payload}</arg>
<doc>Sends a POST request on a previously created HTTP Session.</doc>
<status status="PASS" start="2025-05-27T17:28:51.231139" elapsed="0.481898"/>
</kw>
<kw name="Log" owner="BuiltIn">
<msg time="2025-05-27T17:28:51.714168" level="INFO">{'name': 'morpheus', 'job': 'leader', 'id': '152', 'createdAt': '2025-05-27T20:28:52.093Z'}</msg>
<arg>${res.json()}</arg>
<doc>Logs the given message with the given level.</doc>
<status status="PASS" start="2025-05-27T17:28:51.713037" elapsed="0.001131"/>
</kw>
<return>
<value>${res}</value>
<status status="PASS" start="2025-05-27T17:28:51.714168" elapsed="0.000000"/>
</return>
<msg time="2025-05-27T17:28:51.714168" level="INFO">${res} = &lt;Response [201]&gt;</msg>
<var>${res}</var>
<arg>${payload}</arg>
<status status="PASS" start="2025-05-27T17:28:51.231139" elapsed="0.483029"/>
</kw>
<kw name="Should Be Equal As Integers" owner="BuiltIn">
<msg time="2025-05-27T17:28:51.715172" level="INFO">Argument types are:
&lt;class 'int'&gt;
&lt;class 'str'&gt;</msg>
<arg>${res.status_code}</arg>
<arg>201</arg>
<doc>Fails if objects are unequal after converting them to integers.</doc>
<status status="PASS" start="2025-05-27T17:28:51.715172" elapsed="0.000000"/>
</kw>
<kw name="Dictionary Should Contain Key" owner="Collections">
<arg>${res.json()}</arg>
<arg>id</arg>
<doc>Fails if ``key`` is not found from ``dictionary``.</doc>
<status status="PASS" start="2025-05-27T17:28:51.715172" elapsed="0.000998"/>
</kw>
<status status="PASS" start="2025-05-27T17:28:51.231139" elapsed="0.485031"/>
</test>
<test id="s1-t5" name="Cenário: PUT Atualizar Usuário Sucesso" line="30">
<kw name="Load Json From File" owner="JSONLibrary">
<msg time="2025-05-27T17:28:51.717650" level="INFO">${payload} = {'name': 'morpheus', 'job': 'zion resident'}</msg>
<var>${payload}</var>
<arg>payloads/update_user.json</arg>
<doc>Load JSON from file.</doc>
<status status="PASS" start="2025-05-27T17:28:51.716170" elapsed="0.001480"/>
</kw>
<kw name="PUT Atualizar Usuário" owner="api_keywords">
<kw name="Iniciar Sessão" owner="api_keywords">
<kw name="Create Dictionary" owner="BuiltIn">
<msg time="2025-05-27T17:28:51.718719" level="INFO">${headers} = {'x-api-key': 'reqres-free-v1', 'Content-Type': 'application/json'}</msg>
<var>${headers}</var>
<arg>x-api-key=${API_KEY}</arg>
<arg>Content-Type=application/json</arg>
<doc>Creates and returns a dictionary based on the given ``items``.</doc>
<status status="PASS" start="2025-05-27T17:28:51.718719" elapsed="0.000000"/>
</kw>
<kw name="Create Session" owner="RequestsLibrary">
<msg time="2025-05-27T17:28:51.718719" level="INFO">Creating Session using : alias=reqres, url=https://reqres.in/api, headers={'x-api-key': 'reqres-free-v1', 'Content-Type': 'application/json'},                     cookies={}, auth=None, timeout=None, proxies=None, verify=False,                     debug=0 </msg>
<arg>reqres</arg>
<arg>${API_BASE_URL}</arg>
<arg>headers=${headers}</arg>
<doc>Create Session: create a HTTP session to a server</doc>
<status status="PASS" start="2025-05-27T17:28:51.718719" elapsed="0.000000"/>
</kw>
<status status="PASS" start="2025-05-27T17:28:51.717650" elapsed="0.002078"/>
</kw>
<kw name="PUT On Session" owner="RequestsLibrary">
<msg time="2025-05-27T17:28:52.223859" level="INFO">PUT Request : url=https://reqres.in/api/users/2 
 path_url=/api/users/2 
 headers={'User-Agent': 'python-requests/2.32.3', 'Accept-Encoding': 'gzip, deflate', 'Accept': '*/*', 'Connection': 'keep-alive', 'x-api-key': 'reqres-free-v1', 'Content-Type': 'application/json', 'Content-Length': '44'} 
 body=b'{"name": "morpheus", "job": "zion resident"}' 
 </msg>
<msg time="2025-05-27T17:28:52.223859" level="INFO">PUT Response : url=https://reqres.in/api/users/2 
 status=200, reason=OK 
 headers={'Date': 'Tue, 27 May 2025 20:28:52 GMT', 'Content-Type': 'application/json; charset=utf-8', 'Transfer-Encoding': 'chunked', 'Connection': 'keep-alive', 'Cf-Ray': '946842daffbef1d3-GRU', 'Server': 'cloudflare', 'Content-Encoding': 'gzip', 'Report-To': '{"group":"heroku-nel","max_age":3600,"endpoints":[{"url":"https://nel.heroku.com/reports?ts=1748377732&amp;sid=c4c9725f-1ab0-44d8-820f-430df2718e11&amp;s=3n3xOodmVfoG0aqjS14hzUBc9NoWxX%2F81Nn0GweJC%2FE%3D"}]}', 'Reporting-Endpoints': 'heroku-nel=https://nel.heroku.com/reports?ts=1748377732&amp;sid=c4c9725f-1ab0-44d8-820f-430df2718e11&amp;s=3n3xOodmVfoG0aqjS14hzUBc9NoWxX%2F81Nn0GweJC%2FE%3D', 'Nel': '{"report_to":"heroku-nel","max_age":3600,"success_fraction":0.005,"failure_fraction":0.05,"response_headers":["Via"]}', 'X-Powered-By': 'Express', 'Access-Control-Allow-Origin': '*', 'Ratelimit-Policy': '100;w=60', 'Ratelimit-Limit': '100', 'Ratelimit-Remaining': '94', 'Ratelimit-Reset': '59', 'Etag': 'W/"50-D2RrEFXR7Aw2Sxg3quACpA3UlpI"', 'Via': '1.1 vegur', 'Cf-Cache-Status': 'DYNAMIC', 'Vary': 'Accept-Encoding', 'server-timing': 'cfL4;desc="?proto=TCP&amp;rtt=15365&amp;min_rtt=15365&amp;rtt_var=7682&amp;sent=6&amp;recv=9&amp;lost=0&amp;retrans=1&amp;sent_bytes=2954&amp;recv_bytes=915&amp;delivery_rate=109627&amp;cwnd=252&amp;unsent_bytes=0&amp;cid=9f2f16b28391e0f2&amp;ts=421&amp;x=0"'} 
 body={"name":"morpheus","job":"zion resident","updatedAt":"2025-05-27T20:28:52.605Z"} 
 </msg>
<msg time="2025-05-27T17:28:52.223859" level="INFO">C:\Users\thais\AppData\Local\Programs\Python\Python311\Lib\site-packages\urllib3\connectionpool.py:1097: InsecureRequestWarning: Unverified HTTPS request is being made to host 'reqres.in'. Adding certificate verification is strongly advised. See: https://urllib3.readthedocs.io/en/latest/advanced-usage.html#tls-warnings
  warnings.warn(</msg>
<msg time="2025-05-27T17:28:52.224870" level="INFO">${res} = &lt;Response [200]&gt;</msg>
<var>${res}</var>
<arg>reqres</arg>
<arg>url=/users/${id}</arg>
<arg>json=${payload}</arg>
<doc>Sends a PUT request on a previously created HTTP Session.</doc>
<status status="PASS" start="2025-05-27T17:28:51.719728" elapsed="0.505142"/>
</kw>
<kw name="Log" owner="BuiltIn">
<msg time="2025-05-27T17:28:52.226981" level="INFO">{'name': 'morpheus', 'job': 'zion resident', 'updatedAt': '2025-05-27T20:28:52.605Z'}</msg>
<arg>${res.json()}</arg>
<doc>Logs the given message with the given level.</doc>
<status status="PASS" start="2025-05-27T17:28:52.225895" elapsed="0.001086"/>
</kw>
<return>
<value>${res}</value>
<status status="PASS" start="2025-05-27T17:28:52.226981" elapsed="0.000000"/>
</return>
<msg time="2025-05-27T17:28:52.228048" level="INFO">${res} = &lt;Response [200]&gt;</msg>
<var>${res}</var>
<arg>2</arg>
<arg>${payload}</arg>
<status status="PASS" start="2025-05-27T17:28:51.717650" elapsed="0.510398"/>
</kw>
<kw name="Should Be Equal As Integers" owner="BuiltIn">
<msg time="2025-05-27T17:28:52.229417" level="INFO">Argument types are:
&lt;class 'int'&gt;
&lt;class 'str'&gt;</msg>
<arg>${res.status_code}</arg>
<arg>200</arg>
<doc>Fails if objects are unequal after converting them to integers.</doc>
<status status="PASS" start="2025-05-27T17:28:52.228413" elapsed="0.001004"/>
</kw>
<status status="PASS" start="2025-05-27T17:28:51.716170" elapsed="0.514301"/>
</test>
<test id="s1-t6" name="Cenário: POST Login Usuário Senha Ausente 1" line="35">
<kw name="Load Json From File" owner="JSONLibrary">
<msg time="2025-05-27T17:28:52.236947" level="INFO">${payload} = {'email': 'peter@klaven'}</msg>
<var>${payload}</var>
<arg>payloads/login_missing_password.json</arg>
<doc>Load JSON from file.</doc>
<status status="PASS" start="2025-05-27T17:28:52.234668" elapsed="0.002279"/>
</kw>
<kw name="POST Login Usuário" owner="api_keywords">
<kw name="POST On Session" owner="RequestsLibrary">
<msg time="2025-05-27T17:28:52.619959" level="INFO">POST Request : url=https://reqres.in/api/login 
 path_url=/api/login 
 headers={'User-Agent': 'python-requests/2.32.3', 'Accept-Encoding': 'gzip, deflate', 'Accept': '*/*', 'Connection': 'keep-alive', 'x-api-key': 'reqres-free-v1', 'Content-Type': 'application/json', 'Content-Length': '25'} 
 body=b'{"email": "peter@klaven"}' 
 </msg>
<msg time="2025-05-27T17:28:52.619959" level="INFO">POST Response : url=https://reqres.in/api/login 
 status=400, reason=Bad Request 
 headers={'Date': 'Tue, 27 May 2025 20:28:53 GMT', 'Content-Type': 'application/json; charset=utf-8', 'Content-Length': '28', 'Connection': 'keep-alive', 'Server': 'cloudflare', 'Cf-Ray': '946842dd98a0f1d3-GRU', 'Report-To': '{"group":"heroku-nel","max_age":3600,"endpoints":[{"url":"https://nel.heroku.com/reports?ts=1748377733&amp;sid=c4c9725f-1ab0-44d8-820f-430df2718e11&amp;s=7rFBepRcKQZR13LiAiqEmN14JBWDeAfHuYfFCZwuoqA%3D"}]}', 'Reporting-Endpoints': 'heroku-nel=https://nel.heroku.com/reports?ts=1748377733&amp;sid=c4c9725f-1ab0-44d8-820f-430df2718e11&amp;s=7rFBepRcKQZR13LiAiqEmN14JBWDeAfHuYfFCZwuoqA%3D', 'Nel': '{"report_to":"heroku-nel","max_age":3600,"success_fraction":0.005,"failure_fraction":0.05,"response_headers":["Via"]}', 'X-Powered-By': 'Express', 'Access-Control-Allow-Origin': '*', 'Ratelimit-Policy': '100;w=60', 'Ratelimit-Limit': '100', 'Ratelimit-Remaining': '92', 'Ratelimit-Reset': '59', 'Etag': 'W/"1c-NmpazMScs9tOqR7eDEesn+pqC9Q"', 'Via': '1.1 vegur', 'Cf-Cache-Status': 'DYNAMIC', 'server-timing': 'cfL4;desc="?proto=TCP&amp;rtt=15262&amp;min_rtt=14512&amp;rtt_var=5966&amp;sent=10&amp;recv=12&amp;lost=0&amp;retrans=1&amp;sent_bytes=4811&amp;recv_bytes=1213&amp;delivery_rate=280450&amp;cwnd=255&amp;unsent_bytes=0&amp;cid=9f2f16b28391e0f2&amp;ts=829&amp;x=0"'} 
 body={"error":"Missing password"} 
 </msg>
<msg time="2025-05-27T17:28:52.619959" level="INFO">C:\Users\thais\AppData\Local\Programs\Python\Python311\Lib\site-packages\urllib3\connectionpool.py:1097: InsecureRequestWarning: Unverified HTTPS request is being made to host 'reqres.in'. Adding certificate verification is strongly advised. See: https://urllib3.readthedocs.io/en/latest/advanced-usage.html#tls-warnings
  warnings.warn(</msg>
<msg time="2025-05-27T17:28:52.619959" level="INFO">${res} = &lt;Response [400]&gt;</msg>
<var>${res}</var>
<arg>reqres</arg>
<arg>url=/login</arg>
<arg>json=${payload}</arg>
<arg>expected_status=anything</arg>
<doc>Sends a POST request on a previously created HTTP Session.</doc>
<status status="PASS" start="2025-05-27T17:28:52.240844" elapsed="0.379115"/>
</kw>
<return>
<value>${res}</value>
<status status="PASS" start="2025-05-27T17:28:52.619959" elapsed="0.000000"/>
</return>
<msg time="2025-05-27T17:28:52.619959" level="INFO">${res} = &lt;Response [400]&gt;</msg>
<var>${res}</var>
<arg>${payload}</arg>
<status status="PASS" start="2025-05-27T17:28:52.238333" elapsed="0.381626"/>
</kw>
<kw name="Should Be Equal As Integers" owner="BuiltIn">
<msg time="2025-05-27T17:28:52.619959" level="INFO">Argument types are:
&lt;class 'int'&gt;
&lt;class 'str'&gt;</msg>
<arg>${res.status_code}</arg>
<arg>400</arg>
<doc>Fails if objects are unequal after converting them to integers.</doc>
<status status="PASS" start="2025-05-27T17:28:52.619959" elapsed="0.000000"/>
</kw>
<kw name="Set Variable" owner="BuiltIn">
<msg time="2025-05-27T17:28:52.635947" level="INFO">${body} = {'error': 'Missing password'}</msg>
<var>${body}</var>
<arg>${res.json()}</arg>
<doc>Returns the given values which can then be assigned to a variables.</doc>
<status status="PASS" start="2025-05-27T17:28:52.619959" elapsed="0.015988"/>
</kw>
<kw name="Dictionary Should Contain Key" owner="Collections">
<arg>${body}</arg>
<arg>error</arg>
<doc>Fails if ``key`` is not found from ``dictionary``.</doc>
<status status="PASS" start="2025-05-27T17:28:52.635947" elapsed="0.000000"/>
</kw>
<kw name="Should Be Equal" owner="BuiltIn">
<arg>${body["error"]}</arg>
<arg>Missing password</arg>
<doc>Fails if the given objects are unequal.</doc>
<status status="PASS" start="2025-05-27T17:28:52.635947" elapsed="0.000000"/>
</kw>
<status status="PASS" start="2025-05-27T17:28:52.231608" elapsed="0.404339"/>
</test>
<test id="s1-t7" name="Cenário: POST Login Usuário Senha Ausente 2" line="43">
<kw name="Load Json From File" owner="JSONLibrary">
<msg time="2025-05-27T17:28:52.643906" level="INFO">${payload} = {'email': 'peter@klaven'}</msg>
<var>${payload}</var>
<arg>payloads/login_missing_password.json</arg>
<doc>Load JSON from file.</doc>
<status status="PASS" start="2025-05-27T17:28:52.642851" elapsed="0.001055"/>
</kw>
<kw name="POST Login Usuário" owner="api_keywords">
<kw name="POST On Session" owner="RequestsLibrary">
<msg time="2025-05-27T17:28:53.022190" level="INFO">POST Request : url=https://reqres.in/api/login 
 path_url=/api/login 
 headers={'User-Agent': 'python-requests/2.32.3', 'Accept-Encoding': 'gzip, deflate', 'Accept': '*/*', 'Connection': 'keep-alive', 'x-api-key': 'reqres-free-v1', 'Content-Type': 'application/json', 'Content-Length': '25'} 
 body=b'{"email": "peter@klaven"}' 
 </msg>
<msg time="2025-05-27T17:28:53.032154" level="INFO">POST Response : url=https://reqres.in/api/login 
 status=400, reason=Bad Request 
 headers={'Date': 'Tue, 27 May 2025 20:28:53 GMT', 'Content-Type': 'application/json; charset=utf-8', 'Content-Length': '28', 'Connection': 'keep-alive', 'Server': 'cloudflare', 'Cf-Ray': '946842e01a46f1d3-GRU', 'Report-To': '{"group":"heroku-nel","max_age":3600,"endpoints":[{"url":"https://nel.heroku.com/reports?ts=1748377733&amp;sid=c4c9725f-1ab0-44d8-820f-430df2718e11&amp;s=7rFBepRcKQZR13LiAiqEmN14JBWDeAfHuYfFCZwuoqA%3D"}]}', 'Reporting-Endpoints': 'heroku-nel=https://nel.heroku.com/reports?ts=1748377733&amp;sid=c4c9725f-1ab0-44d8-820f-430df2718e11&amp;s=7rFBepRcKQZR13LiAiqEmN14JBWDeAfHuYfFCZwuoqA%3D', 'Nel': '{"report_to":"heroku-nel","max_age":3600,"success_fraction":0.005,"failure_fraction":0.05,"response_headers":["Via"]}', 'X-Powered-By': 'Express', 'Access-Control-Allow-Origin': '*', 'Ratelimit-Policy': '100;w=60', 'Ratelimit-Limit': '100', 'Ratelimit-Remaining': '90', 'Ratelimit-Reset': '59', 'Etag': 'W/"1c-NmpazMScs9tOqR7eDEesn+pqC9Q"', 'Via': '1.1 vegur', 'Cf-Cache-Status': 'DYNAMIC', 'server-timing': 'cfL4;desc="?proto=TCP&amp;rtt=17939&amp;min_rtt=14512&amp;rtt_var=9828&amp;sent=12&amp;recv=14&amp;lost=0&amp;retrans=1&amp;sent_bytes=6021&amp;recv_bytes=1511&amp;delivery_rate=280450&amp;cwnd=256&amp;unsent_bytes=0&amp;cid=9f2f16b28391e0f2&amp;ts=1230&amp;x=0"'} 
 body={"error":"Missing password"} 
 </msg>
<msg time="2025-05-27T17:28:53.032154" level="INFO">C:\Users\thais\AppData\Local\Programs\Python\Python311\Lib\site-packages\urllib3\connectionpool.py:1097: InsecureRequestWarning: Unverified HTTPS request is being made to host 'reqres.in'. Adding certificate verification is strongly advised. See: https://urllib3.readthedocs.io/en/latest/advanced-usage.html#tls-warnings
  warnings.warn(</msg>
<msg time="2025-05-27T17:28:53.032154" level="INFO">${res} = &lt;Response [400]&gt;</msg>
<var>${res}</var>
<arg>reqres</arg>
<arg>url=/login</arg>
<arg>json=${payload}</arg>
<arg>expected_status=anything</arg>
<doc>Sends a POST request on a previously created HTTP Session.</doc>
<status status="PASS" start="2025-05-27T17:28:52.645019" elapsed="0.387135"/>
</kw>
<return>
<value>${res}</value>
<status status="PASS" start="2025-05-27T17:28:53.032154" elapsed="0.000000"/>
</return>
<msg time="2025-05-27T17:28:53.033897" level="INFO">${res} = &lt;Response [400]&gt;</msg>
<var>${res}</var>
<arg>${payload}</arg>
<status status="PASS" start="2025-05-27T17:28:52.645019" elapsed="0.388878"/>
</kw>
<kw name="Should Be Equal As Integers" owner="BuiltIn">
<msg time="2025-05-27T17:28:53.033897" level="INFO">Argument types are:
&lt;class 'int'&gt;
&lt;class 'str'&gt;</msg>
<arg>${res.status_code}</arg>
<arg>400</arg>
<doc>Fails if objects are unequal after converting them to integers.</doc>
<status status="PASS" start="2025-05-27T17:28:53.033897" elapsed="0.000000"/>
</kw>
<kw name="Set Variable" owner="BuiltIn">
<msg time="2025-05-27T17:28:53.038484" level="INFO">${body} = {'error': 'Missing password'}</msg>
<var>${body}</var>
<arg>${res.json()}</arg>
<doc>Returns the given values which can then be assigned to a variables.</doc>
<status status="PASS" start="2025-05-27T17:28:53.033897" elapsed="0.004587"/>
</kw>
<kw name="Dictionary Should Contain Key" owner="Collections">
<arg>${body}</arg>
<arg>error</arg>
<doc>Fails if ``key`` is not found from ``dictionary``.</doc>
<status status="PASS" start="2025-05-27T17:28:53.038484" elapsed="0.000000"/>
</kw>
<kw name="Should Be Equal" owner="BuiltIn">
<arg>${body["error"]}</arg>
<arg>Missing password</arg>
<doc>Fails if the given objects are unequal.</doc>
<status status="PASS" start="2025-05-27T17:28:53.038484" elapsed="0.000000"/>
</kw>
<status status="PASS" start="2025-05-27T17:28:52.635947" elapsed="0.402537"/>
</test>
<test id="s1-t8" name="Cenário: PATCH Atualizar Usuário Parcialmente" line="51">
<kw name="Load Json From File" owner="JSONLibrary">
<msg time="2025-05-27T17:28:53.044712" level="INFO">${payload} = {'job': 'Senior Developer'}</msg>
<var>${payload}</var>
<arg>payloads/patch_user.json</arg>
<doc>Load JSON from file.</doc>
<status status="PASS" start="2025-05-27T17:28:53.038484" elapsed="0.006228"/>
</kw>
<kw name="PATCH Atualizar Usuário" owner="api_keywords">
<kw name="Iniciar Sessão" owner="api_keywords">
<kw name="Create Dictionary" owner="BuiltIn">
<msg time="2025-05-27T17:28:53.045727" level="INFO">${headers} = {'x-api-key': 'reqres-free-v1', 'Content-Type': 'application/json'}</msg>
<var>${headers}</var>
<arg>x-api-key=${API_KEY}</arg>
<arg>Content-Type=application/json</arg>
<doc>Creates and returns a dictionary based on the given ``items``.</doc>
<status status="PASS" start="2025-05-27T17:28:53.045727" elapsed="0.000000"/>
</kw>
<kw name="Create Session" owner="RequestsLibrary">
<msg time="2025-05-27T17:28:53.047212" level="INFO">Creating Session using : alias=reqres, url=https://reqres.in/api, headers={'x-api-key': 'reqres-free-v1', 'Content-Type': 'application/json'},                     cookies={}, auth=None, timeout=None, proxies=None, verify=False,                     debug=0 </msg>
<arg>reqres</arg>
<arg>${API_BASE_URL}</arg>
<arg>headers=${headers}</arg>
<doc>Create Session: create a HTTP session to a server</doc>
<status status="PASS" start="2025-05-27T17:28:53.045727" elapsed="0.001985"/>
</kw>
<status status="PASS" start="2025-05-27T17:28:53.045727" elapsed="0.001985"/>
</kw>
<kw name="PATCH On Session" owner="RequestsLibrary">
<msg time="2025-05-27T17:28:53.503445" level="INFO">PATCH Request : url=https://reqres.in/api/users/2 
 path_url=/api/users/2 
 headers={'User-Agent': 'python-requests/2.32.3', 'Accept-Encoding': 'gzip, deflate', 'Accept': '*/*', 'Connection': 'keep-alive', 'x-api-key': 'reqres-free-v1', 'Content-Type': 'application/json', 'Content-Length': '27'} 
 body=b'{"job": "Senior Developer"}' 
 </msg>
<msg time="2025-05-27T17:28:53.503445" level="INFO">PATCH Response : url=https://reqres.in/api/users/2 
 status=200, reason=OK 
 headers={'Date': 'Tue, 27 May 2025 20:28:53 GMT', 'Content-Type': 'application/json; charset=utf-8', 'Transfer-Encoding': 'chunked', 'Connection': 'keep-alive', 'Cf-Ray': '946842e2fa6fa448-GRU', 'Server': 'cloudflare', 'Content-Encoding': 'gzip', 'Report-To': '{"group":"heroku-nel","max_age":3600,"endpoints":[{"url":"https://nel.heroku.com/reports?ts=1748377733&amp;sid=c4c9725f-1ab0-44d8-820f-430df2718e11&amp;s=7rFBepRcKQZR13LiAiqEmN14JBWDeAfHuYfFCZwuoqA%3D"}]}', 'Reporting-Endpoints': 'heroku-nel=https://nel.heroku.com/reports?ts=1748377733&amp;sid=c4c9725f-1ab0-44d8-820f-430df2718e11&amp;s=7rFBepRcKQZR13LiAiqEmN14JBWDeAfHuYfFCZwuoqA%3D', 'Nel': '{"report_to":"heroku-nel","max_age":3600,"success_fraction":0.005,"failure_fraction":0.05,"response_headers":["Via"]}', 'X-Powered-By': 'Express', 'Access-Control-Allow-Origin': '*', 'Ratelimit-Policy': '100;w=60', 'Ratelimit-Limit': '100', 'Ratelimit-Remaining': '88', 'Ratelimit-Reset': '58', 'Etag': 'W/"41-fOWJgoSkLZ5bGAFuwgmgLAVpi9g"', 'Via': '1.1 vegur', 'Cf-Cache-Status': 'DYNAMIC', 'server-timing': 'cfL4;desc="?proto=TCP&amp;rtt=15416&amp;min_rtt=14996&amp;rtt_var=3865&amp;sent=5&amp;recv=8&amp;lost=0&amp;retrans=0&amp;sent_bytes=2837&amp;recv_bytes=900&amp;delivery_rate=229962&amp;cwnd=252&amp;unsent_bytes=0&amp;cid=558ffac39fcb413d&amp;ts=393&amp;x=0"'} 
 body={"job":"Senior Developer","updatedAt":"2025-05-27T20:28:53.885Z"} 
 </msg>
<msg time="2025-05-27T17:28:53.503445" level="INFO">C:\Users\thais\AppData\Local\Programs\Python\Python311\Lib\site-packages\urllib3\connectionpool.py:1097: InsecureRequestWarning: Unverified HTTPS request is being made to host 'reqres.in'. Adding certificate verification is strongly advised. See: https://urllib3.readthedocs.io/en/latest/advanced-usage.html#tls-warnings
  warnings.warn(</msg>
<msg time="2025-05-27T17:28:53.503445" level="INFO">${res} = &lt;Response [200]&gt;</msg>
<var>${res}</var>
<arg>reqres</arg>
<arg>url=/users/${id}</arg>
<arg>json=${payload}</arg>
<doc>Sends a PATCH request on a previously created HTTP Session.</doc>
<status status="PASS" start="2025-05-27T17:28:53.047712" elapsed="0.455733"/>
</kw>
<kw name="Log" owner="BuiltIn">
<msg time="2025-05-27T17:28:53.503445" level="INFO">{'job': 'Senior Developer', 'updatedAt': '2025-05-27T20:28:53.885Z'}</msg>
<arg>${res.json()}</arg>
<doc>Logs the given message with the given level.</doc>
<status status="PASS" start="2025-05-27T17:28:53.503445" elapsed="0.000000"/>
</kw>
<return>
<value>${res}</value>
<status status="PASS" start="2025-05-27T17:28:53.503445" elapsed="0.000000"/>
</return>
<msg time="2025-05-27T17:28:53.503445" level="INFO">${res} = &lt;Response [200]&gt;</msg>
<var>${res}</var>
<arg>2</arg>
<arg>${payload}</arg>
<status status="PASS" start="2025-05-27T17:28:53.044712" elapsed="0.458733"/>
</kw>
<kw name="Get From Dictionary" owner="Collections">
<msg time="2025-05-27T17:28:53.503445" level="INFO">${body} = Senior Developer</msg>
<var>${body}</var>
<arg>${res.json()}</arg>
<arg>job</arg>
<doc>Returns a value from the given ``dictionary`` based on the given ``key``.</doc>
<status status="PASS" start="2025-05-27T17:28:53.503445" elapsed="0.000000"/>
</kw>
<kw name="Should Be Equal" owner="BuiltIn">
<arg>${body}</arg>
<arg>Senior Developer</arg>
<doc>Fails if the given objects are unequal.</doc>
<status status="PASS" start="2025-05-27T17:28:53.503445" elapsed="0.000000"/>
</kw>
<status status="PASS" start="2025-05-27T17:28:53.038484" elapsed="0.464961"/>
</test>
<test id="s1-t9" name="Validar API Endpoint" line="59">
<kw name="GET On Session" owner="RequestsLibrary">
<msg time="2025-05-27T17:28:53.513282" level="FAIL">Non-existing index or alias 'mysession'.</msg>
<var>${response}</var>
<arg>mysession</arg>
<arg>/api/endpoint</arg>
<doc>Sends a GET request on a previously created HTTP Session.</doc>
<status status="FAIL" start="2025-05-27T17:28:53.513282" elapsed="0.003963">Non-existing index or alias 'mysession'.</status>
</kw>
<kw name="Validar Status Code">
<arg>${response}</arg>
<arg>200</arg>
<status status="NOT RUN" start="2025-05-27T17:28:53.517245" elapsed="0.000000"/>
</kw>
<kw name="Validar Corpo Da Resposta">
<arg>${response}</arg>
<status status="NOT RUN" start="2025-05-27T17:28:53.517245" elapsed="0.000000"/>
</kw>
<kw name="Validar Chave Especifica Na Resposta">
<arg>${response}</arg>
<arg>id</arg>
<status status="NOT RUN" start="2025-05-27T17:28:53.518249" elapsed="0.000000"/>
</kw>
<kw name="Validar Tempo De Resposta">
<arg>${response}</arg>
<arg>1.5</arg>
<status status="NOT RUN" start="2025-05-27T17:28:53.518249" elapsed="0.000000"/>
</kw>
<status status="FAIL" start="2025-05-27T17:28:53.503445" elapsed="0.014804">Non-existing index or alias 'mysession'.</status>
</test>
<status status="FAIL" start="2025-05-27T17:28:49.955559" elapsed="3.566687"/>
</suite>
<statistics>
<total>
<stat pass="8" fail="1" skip="0">All Tests</stat>
</total>
<tag>
</tag>
<suite>
<stat name="Reqres Tests" id="s1" pass="8" fail="1" skip="0">Reqres Tests</stat>
</suite>
</statistics>
<errors>
</errors>
</robot>
