<?xml version="1.0" encoding="UTF-8"?>
<robot generator="Robot 7.2.2 (Python 3.13.4 on win32)" generated="2025-07-03T20:45:42.150220" rpa="false" schemaversion="5">
<suite id="s1" name="Signup" source="C:\Users\thais\OneDrive\Documentos\Cinema APP vscode\robotfrontend\resources\tests\signup.robot">
<test id="s1-t1" name="Deve poder cadastrar um novo usuário" line="26">
<kw name="Limpar Dados Antes do Teste" type="SETUP">
<kw name="Start Session" owner="base">
<kw name="New Browser" owner="Browser">
<msg time="2025-07-03T20:45:42.700716" level="INFO">{"browser": "chromium", "headless": false, "chromiumSandbox": false, "devtools": false, "handleSIGHUP": true, "handleSIGINT": true, "handleSIGTERM": true, "slowMo": 0.0, "timeout": 30000.0, "tracesDir": "C:\\Users\\thais\\OneDrive\\Documentos\\Cinema APP vscode\\robotfrontend\\logs\\browser\\traces\\temp\\7e3dc349-e0c9-4325-8911-d0634f7e57bc"}</msg>
<msg time="2025-07-03T20:45:42.756195" level="INFO">Starting Browser process C:\Python313\Lib\site-packages\Browser\wrapper\index.js using at 127.0.0.1:29732</msg>
<msg time="2025-07-03T20:45:46.402040" level="INFO">Successfully created browser with options: {"browser":"chromium","headless":false,"chromiumSandbox":false,"devtools":false,"handleSIGHUP":true,"handleSIGINT":true,"handleSIGTERM":true,"slowMo":0,"timeout":30000,"tracesDir":"C:\\Users\\thais\\OneDrive\\Documentos\\Cinema APP vscode\\robotfrontend\\logs\\browser\\traces\\temp\\7e3dc349-e0c9-4325-8911-d0634f7e57bc"}</msg>
<arg>browser=chromium</arg>
<arg>headless=False</arg>
<tag>BrowserControl</tag>
<tag>Setter</tag>
<doc>Create a new playwright Browser with specified options.</doc>
<status status="PASS" start="2025-07-03T20:45:42.699931" elapsed="3.702483"/>
</kw>
<kw name="New Page" owner="Browser">
<msg time="2025-07-03T20:45:48.175572" level="INFO">Successfully initialized new page object and opened url: http://localhost:3002/</msg>
<msg time="2025-07-03T20:45:48.175814" level="INFO">No context was open. New context was automatically opened when this page is created.</msg>
<arg>http://localhost:3002/</arg>
<tag>BrowserControl</tag>
<tag>Setter</tag>
<doc>Open a new Page.</doc>
<status status="PASS" start="2025-07-03T20:45:46.402973" elapsed="1.773706"/>
</kw>
<status status="PASS" start="2025-07-03T20:45:42.699264" elapsed="5.477737"/>
</kw>
<kw name="Remover Usuário Existente">
<kw name="Obter usuário por email" owner="Mongo">
<kw name="Get User" owner="database">
<msg time="2025-07-03T20:45:52.859763" level="INFO">${user} = None</msg>
<var>${user}</var>
<arg>${email}</arg>
<status status="PASS" start="2025-07-03T20:45:48.179118" elapsed="4.680766"/>
</kw>
<return>
<value>${user}</value>
<status status="PASS" start="2025-07-03T20:45:52.860095" elapsed="0.000377"/>
</return>
<msg time="2025-07-03T20:45:52.860847" level="INFO">${user_existe} = None</msg>
<var>${user_existe}</var>
<arg>${email}</arg>
<status status="PASS" start="2025-07-03T20:45:48.178324" elapsed="4.682575"/>
</kw>
<kw name="Run Keyword If" owner="BuiltIn">
<arg>$user_existe is not $None</arg>
<arg>Remover usuário por email</arg>
<arg>${email}</arg>
<doc>Runs the given keyword with the given arguments, if ``condition`` is true.</doc>
<status status="PASS" start="2025-07-03T20:45:52.861222" elapsed="0.000732"/>
</kw>
<arg>thais@yahoo.com</arg>
<status status="PASS" start="2025-07-03T20:45:48.177354" elapsed="4.684785"/>
</kw>
<kw name="Take Screenshot" owner="Browser">
<msg time="2025-07-03T20:45:53.103145" level="INFO" html="true">&lt;/td&gt;&lt;/tr&gt;&lt;tr&gt;&lt;td colspan="3"&gt;&lt;a href="browser/screenshot/antes_do_teste.png.png" target="_blank"&gt;&lt;img src="browser/screenshot/antes_do_teste.png.png" width="800px"/&gt;&lt;/a&gt;</msg>
<arg>filename=antes_do_teste.png</arg>
<tag>PageContent</tag>
<doc>Takes a screenshot of the current window or element and saves it to disk.</doc>
<status status="PASS" start="2025-07-03T20:45:52.862381" elapsed="0.240991"/>
</kw>
<status status="PASS" start="2025-07-03T20:45:42.698646" elapsed="10.404904"/>
</kw>
<kw name="Create Dictionary" owner="BuiltIn">
<msg time="2025-07-03T20:45:53.104872" level="INFO">${user} = {'name': 'Thaís Amaral', 'email': 'thais@yahoo.com', 'password': 'pwd123', 'confirmPassword': 'pwd123'}</msg>
<var>${user}</var>
<arg>name=Thaís Amaral</arg>
<arg>email=thais@yahoo.com</arg>
<arg>password=pwd123</arg>
<arg>confirmPassword=pwd123</arg>
<doc>Creates and returns a dictionary based on the given ``items``.</doc>
<status status="PASS" start="2025-07-03T20:45:53.104016" elapsed="0.000935"/>
</kw>
<kw name="Go to signup page" owner="SignupPage">
<kw name="Click" owner="Browser">
<msg time="2025-07-03T20:45:53.107997" level="INFO">Clicks the element 'text=Cadastrar'.</msg>
<arg>text=Cadastrar</arg>
<tag>PageContent</tag>
<tag>Setter</tag>
<doc>Simulates mouse click on the element found by ``selector``.</doc>
<status status="PASS" start="2025-07-03T20:45:53.106621" elapsed="0.223667"/>
</kw>
<kw name="Wait For Elements State" owner="Browser">
<msg time="2025-07-03T20:45:53.350288" level="INFO">Waited for Element with selector id=name at state visible</msg>
<arg>id=name</arg>
<arg>visible</arg>
<tag>PageContent</tag>
<tag>Wait</tag>
<doc>Waits for the element found by ``selector`` to satisfy state option.</doc>
<status status="PASS" start="2025-07-03T20:45:53.330759" elapsed="0.019794"/>
</kw>
<status status="PASS" start="2025-07-03T20:45:53.105768" elapsed="0.244980"/>
</kw>
<kw name="Take Screenshot" owner="Browser">
<msg time="2025-07-03T20:45:53.569646" level="INFO" html="true">&lt;/td&gt;&lt;/tr&gt;&lt;tr&gt;&lt;td colspan="3"&gt;&lt;a href="browser/screenshot/antes_preencher_form.png.png" target="_blank"&gt;&lt;img src="browser/screenshot/antes_preencher_form.png.png" width="800px"/&gt;&lt;/a&gt;</msg>
<arg>filename=antes_preencher_form.png</arg>
<tag>PageContent</tag>
<doc>Takes a screenshot of the current window or element and saves it to disk.</doc>
<status status="PASS" start="2025-07-03T20:45:53.351178" elapsed="0.218712"/>
</kw>
<kw name="Submit signup form" owner="SignupPage">
<kw name="Wait For Elements State" owner="Browser">
<msg time="2025-07-03T20:45:53.587181" level="INFO">Waited for Element with selector id=name at state visible</msg>
<arg>id=name</arg>
<arg>visible</arg>
<tag>PageContent</tag>
<tag>Wait</tag>
<doc>Waits for the element found by ``selector`` to satisfy state option.</doc>
<status status="PASS" start="2025-07-03T20:45:53.571323" elapsed="0.016313"/>
</kw>
<kw name="Fill Text" owner="Browser">
<msg time="2025-07-03T20:45:53.589467" level="INFO">Fills the text 'Thaís Amaral' in the given field.</msg>
<arg>id=name</arg>
<arg>${user}[name]</arg>
<tag>PageContent</tag>
<tag>Setter</tag>
<doc>Clears and fills the given ``txt`` into the text field found by ``selector``.</doc>
<status status="PASS" start="2025-07-03T20:45:53.587956" elapsed="0.063264"/>
</kw>
<kw name="Fill Text" owner="Browser">
<msg time="2025-07-03T20:45:53.653405" level="INFO">Fills the text 'thais@yahoo.com' in the given field.</msg>
<arg>id=email</arg>
<arg>${user}[email]</arg>
<tag>PageContent</tag>
<tag>Setter</tag>
<doc>Clears and fills the given ``txt`` into the text field found by ``selector``.</doc>
<status status="PASS" start="2025-07-03T20:45:53.651574" elapsed="0.035174"/>
</kw>
<kw name="Fill Text" owner="Browser">
<msg time="2025-07-03T20:45:53.687954" level="INFO">Fills the text 'pwd123' in the given field.</msg>
<arg>id=password</arg>
<arg>${user}[password]</arg>
<tag>PageContent</tag>
<tag>Setter</tag>
<doc>Clears and fills the given ``txt`` into the text field found by ``selector``.</doc>
<status status="PASS" start="2025-07-03T20:45:53.687032" elapsed="0.029396"/>
</kw>
<kw name="Fill Text" owner="Browser">
<msg time="2025-07-03T20:45:53.717762" level="INFO">Fills the text 'pwd123' in the given field.</msg>
<arg>id=confirmPassword</arg>
<arg>${user}[confirmPassword]</arg>
<tag>PageContent</tag>
<tag>Setter</tag>
<doc>Clears and fills the given ``txt`` into the text field found by ``selector``.</doc>
<status status="PASS" start="2025-07-03T20:45:53.716795" elapsed="0.049449"/>
</kw>
<kw name="Take Screenshot" owner="Browser">
<msg time="2025-07-03T20:45:53.957615" level="INFO" html="true">&lt;/td&gt;&lt;/tr&gt;&lt;tr&gt;&lt;td colspan="3"&gt;&lt;a href="browser/screenshot/form_preenchido.png.png" target="_blank"&gt;&lt;img src="browser/screenshot/form_preenchido.png.png" width="800px"/&gt;&lt;/a&gt;</msg>
<arg>filename=form_preenchido.png</arg>
<tag>PageContent</tag>
<doc>Takes a screenshot of the current window or element and saves it to disk.</doc>
<status status="PASS" start="2025-07-03T20:45:53.767103" elapsed="0.190906"/>
</kw>
<kw name="Click" owner="Browser">
<msg time="2025-07-03T20:45:53.959458" level="INFO">Clicks the element 'css=button[type=submit]'.</msg>
<arg>css=button[type=submit]</arg>
<tag>PageContent</tag>
<tag>Setter</tag>
<doc>Simulates mouse click on the element found by ``selector``.</doc>
<status status="PASS" start="2025-07-03T20:45:53.958343" elapsed="0.086569"/>
</kw>
<arg>${user}</arg>
<status status="PASS" start="2025-07-03T20:45:53.570407" elapsed="0.474730"/>
</kw>
<kw name="Take Screenshot" owner="Browser">
<msg time="2025-07-03T20:45:54.621054" level="INFO" html="true">&lt;/td&gt;&lt;/tr&gt;&lt;tr&gt;&lt;td colspan="3"&gt;&lt;a href="browser/screenshot/apos_submissao.png.png" target="_blank"&gt;&lt;img src="browser/screenshot/apos_submissao.png.png" width="800px"/&gt;&lt;/a&gt;</msg>
<arg>filename=apos_submissao.png</arg>
<tag>PageContent</tag>
<doc>Takes a screenshot of the current window or element and saves it to disk.</doc>
<status status="PASS" start="2025-07-03T20:45:54.048187" elapsed="0.573103"/>
</kw>
<kw name="Obter usuário por email" owner="Mongo">
<kw name="Get User" owner="database">
<msg time="2025-07-03T20:45:58.952089" level="INFO">${user} = {'_id': ObjectId('68671632853ee4d5d3b80748'), 'name': 'Thaís Amaral', 'email': 'thais@yahoo.com', 'password': '$2b$10$FeWqAIEbpKrA8TeAPAt1Gedz/meSJJNs6CB1.egkmGnQxgIYN2u6m', 'role': 'user', 'createdAt...</msg>
<var>${user}</var>
<arg>${email}</arg>
<status status="PASS" start="2025-07-03T20:45:54.623160" elapsed="4.329021"/>
</kw>
<return>
<value>${user}</value>
<status status="PASS" start="2025-07-03T20:45:58.952301" elapsed="0.000354"/>
</return>
<msg time="2025-07-03T20:45:58.952958" level="INFO">${db_user} = {'_id': ObjectId('68671632853ee4d5d3b80748'), 'name': 'Thaís Amaral', 'email': 'thais@yahoo.com', 'password': '$2b$10$FeWqAIEbpKrA8TeAPAt1Gedz/meSJJNs6CB1.egkmGnQxgIYN2u6m', 'role': 'user', 'createdAt...</msg>
<var>${db_user}</var>
<arg>${user}[email]</arg>
<status status="PASS" start="2025-07-03T20:45:54.621803" elapsed="4.331219"/>
</kw>
<kw name="Should Not Be Equal" owner="BuiltIn">
<msg time="2025-07-03T20:45:58.953998" level="INFO">Argument types are:
&lt;class 'dict'&gt;
&lt;class 'NoneType'&gt;</msg>
<arg>${db_user}</arg>
<arg>${None}</arg>
<doc>Fails if the given objects are equal.</doc>
<status status="PASS" start="2025-07-03T20:45:58.953454" elapsed="0.000614"/>
</kw>
<kw name="Should Be Equal" owner="BuiltIn">
<arg>${db_user}[name]</arg>
<arg>${user}[name]</arg>
<doc>Fails if the given objects are unequal.</doc>
<status status="PASS" start="2025-07-03T20:45:58.954448" elapsed="0.000753"/>
</kw>
<kw name="Take Screenshot" owner="Browser">
<msg time="2025-07-03T20:45:59.117631" level="INFO" html="true">&lt;/td&gt;&lt;/tr&gt;&lt;tr&gt;&lt;td colspan="3"&gt;&lt;a href="browser/screenshot/apos_cadastro.png.png" target="_blank"&gt;&lt;img src="browser/screenshot/apos_cadastro.png.png" width="800px"/&gt;&lt;/a&gt;</msg>
<arg>filename=apos_cadastro.png</arg>
<tag>PageContent</tag>
<doc>Takes a screenshot of the current window or element and saves it to disk.</doc>
<status status="PASS" start="2025-07-03T20:45:58.955894" elapsed="0.162068"/>
</kw>
<kw name="Limpar Dados Após Teste" type="TEARDOWN">
<kw name="Remover Usuário Existente">
<kw name="Obter usuário por email" owner="Mongo">
<kw name="Get User" owner="database">
<msg time="2025-07-03T20:46:03.485851" level="INFO">${user} = {'_id': ObjectId('68671632853ee4d5d3b80748'), 'name': 'Thaís Amaral', 'email': 'thais@yahoo.com', 'password': '$2b$10$FeWqAIEbpKrA8TeAPAt1Gedz/meSJJNs6CB1.egkmGnQxgIYN2u6m', 'role': 'user', 'createdAt...</msg>
<var>${user}</var>
<arg>${email}</arg>
<status status="PASS" start="2025-07-03T20:45:59.125252" elapsed="4.360699"/>
</kw>
<return>
<value>${user}</value>
<status status="PASS" start="2025-07-03T20:46:03.486086" elapsed="0.000421"/>
</return>
<msg time="2025-07-03T20:46:03.486815" level="INFO">${user_existe} = {'_id': ObjectId('68671632853ee4d5d3b80748'), 'name': 'Thaís Amaral', 'email': 'thais@yahoo.com', 'password': '$2b$10$FeWqAIEbpKrA8TeAPAt1Gedz/meSJJNs6CB1.egkmGnQxgIYN2u6m', 'role': 'user', 'createdAt...</msg>
<var>${user_existe}</var>
<arg>${email}</arg>
<status status="PASS" start="2025-07-03T20:45:59.124430" elapsed="4.362440"/>
</kw>
<kw name="Run Keyword If" owner="BuiltIn">
<kw name="Remover usuário por email" owner="Mongo">
<kw name="Delete User" owner="database">
<msg time="2025-07-03T20:46:07.858710" level="INFO">${result} = True</msg>
<var>${result}</var>
<arg>${email}</arg>
<status status="PASS" start="2025-07-03T20:46:03.490672" elapsed="4.368104"/>
</kw>
<kw name="Should Be True" owner="BuiltIn">
<arg>${result}</arg>
<arg>Falha ao remover usuário ${email}</arg>
<doc>Fails if the given condition is not true.</doc>
<status status="PASS" start="2025-07-03T20:46:07.859008" elapsed="0.000677"/>
</kw>
<arg>${email}</arg>
<status status="PASS" start="2025-07-03T20:46:03.489872" elapsed="4.369966"/>
</kw>
<arg>$user_existe is not $None</arg>
<arg>Remover usuário por email</arg>
<arg>${email}</arg>
<doc>Runs the given keyword with the given arguments, if ``condition`` is true.</doc>
<status status="PASS" start="2025-07-03T20:46:03.487138" elapsed="4.372801"/>
</kw>
<arg>thais@yahoo.com</arg>
<status status="PASS" start="2025-07-03T20:45:59.121565" elapsed="8.738484"/>
</kw>
<kw name="Take Screenshot" owner="Browser">
<msg time="2025-07-03T20:46:07.990381" level="INFO" html="true">&lt;/td&gt;&lt;/tr&gt;&lt;tr&gt;&lt;td colspan="3"&gt;&lt;a href="browser/screenshot/apos_teste.png.png" target="_blank"&gt;&lt;img src="browser/screenshot/apos_teste.png.png" width="800px"/&gt;&lt;/a&gt;</msg>
<arg>filename=apos_teste.png</arg>
<tag>PageContent</tag>
<doc>Takes a screenshot of the current window or element and saves it to disk.</doc>
<status status="PASS" start="2025-07-03T20:46:07.860234" elapsed="0.130597"/>
</kw>
<kw name="Close Browser" owner="Browser">
<msg time="2025-07-03T20:46:08.368582" level="INFO">Closed browser</msg>
<tag>BrowserControl</tag>
<tag>Setter</tag>
<doc>Closes the current browser.</doc>
<status status="PASS" start="2025-07-03T20:46:07.991141" elapsed="0.377610"/>
</kw>
<status status="PASS" start="2025-07-03T20:45:59.120553" elapsed="9.248312"/>
</kw>
<status status="PASS" start="2025-07-03T20:45:42.697756" elapsed="25.671315"/>
</test>
<doc>Cenários de cadastro de usuários</doc>
<status status="PASS" start="2025-07-03T20:45:42.152072" elapsed="26.227276"/>
</suite>
<statistics>
<total>
<stat pass="1" fail="0" skip="0">All Tests</stat>
</total>
<tag>
</tag>
<suite>
<stat name="Signup" id="s1" pass="1" fail="0" skip="0">Signup</stat>
</suite>
</statistics>
<errors>
</errors>
</robot>
