<?xml version="1.0" encoding="UTF-8"?>
<robot generator="Robot 7.3.2 (Python 3.13.4 on win32)" generated="2025-07-11T16:40:02.063098" rpa="false" schemaversion="5">
<suite id="s1" name="Signup" source="C:\Users\thais\OneDrive\Documents\robotfrontend\resources\tests\signup.robot">
<test id="s1-t1" name="Cadastro e Login com Sucesso" line="21">
<kw name="Start Session" owner="base">
<msg time="2025-07-11T16:40:15.728879" level="TRACE">Arguments: [  ]</msg>
<kw name="New Browser" owner="Browser">
<msg time="2025-07-11T16:40:15.731161" level="TRACE">Arguments: [ browser=&lt;SupportedBrowsers.chromium: 1&gt; | headless=False | args=['--no-sandbox', '--disable-dev-shm-usage'] ]</msg>
<msg time="2025-07-11T16:40:15.731846" level="INFO">{"browser": "chromium", "headless": false, "args": ["--no-sandbox", "--disable-dev-shm-usage"], "chromiumSandbox": false, "devtools": false, "handleSIGHUP": true, "handleSIGINT": true, "handleSIGTERM": true, "slowMo": 0.0, "timeout": 30000.0, "tracesDir": "C:\\Users\\thais\\OneDrive\\Documents\\robotfrontend\\logs\\browser\\traces\\temp\\25d62cac-6559-4d52-9038-84ab02d16e48"}</msg>
<msg time="2025-07-11T16:40:15.773910" level="INFO">Starting Browser process C:\Python313\Lib\site-packages\Browser\wrapper\index.js using at 127.0.0.1:51083</msg>
<msg time="2025-07-11T16:40:15.774047" level="TRACE">Node startup parameters: ['node', 'C:\\Python313\\Lib\\site-packages\\Browser\\wrapper\\index.js', '127.0.0.1', '51083']</msg>
<msg time="2025-07-11T16:40:17.840337" level="DEBUG">&lt;_InactiveRpcError of RPC that terminated with:
	status = StatusCode.UNAVAILABLE
	details = "failed to connect to all addresses; last error: UNAVAILABLE: ipv4:127.0.0.1:51083: ConnectEx: Connection refused (No connection could be made because the target machine actively refused it.
 -- 10061)"
	debug_error_string = "UNKNOWN:Error received from peer  {grpc_message:"failed to connect to all addresses; last error: UNAVAILABLE: ipv4:127.0.0.1:51083: ConnectEx: Connection refused (No connection could be made because the target machine actively refused it.\r\n -- 10061)", grpc_status:14}"
&gt;</msg>
<msg time="2025-07-11T16:40:20.009122" level="TRACE">Connected to the playwright process at 127.0.0.1:51083: body: "OK"
</msg>
<msg time="2025-07-11T16:40:20.904476" level="INFO">Successfully created browser with options: {"browser":"chromium","headless":false,"args":["--no-sandbox","--disable-dev-shm-usage"],"chromiumSandbox":false,"devtools":false,"handleSIGHUP":true,"handleSIGINT":true,"handleSIGTERM":true,"slowMo":0,"timeout":30000,"tracesDir":"C:\\Users\\thais\\OneDrive\\Documents\\robotfrontend\\logs\\browser\\traces\\temp\\25d62cac-6559-4d52-9038-84ab02d16e48"}</msg>
<msg time="2025-07-11T16:40:20.904718" level="TRACE">Return: 'browser=c61e9357-2599-4fcf-8bd0-0dc7ceb12ca3'</msg>
<arg>browser=chromium</arg>
<arg>headless=${HEADLESS}</arg>
<arg>args=["--no-sandbox", "--disable-dev-shm-usage"]</arg>
<tag>BrowserControl</tag>
<tag>Setter</tag>
<doc>Create a new playwright Browser with specified options.</doc>
<status status="PASS" start="2025-07-11T16:40:15.729825" elapsed="5.175003"/>
</kw>
<kw name="New Page" owner="Browser">
<msg time="2025-07-11T16:40:20.906325" level="TRACE">Arguments: [ 'http://localhost:3002/' ]</msg>
<msg time="2025-07-11T16:40:24.984636" level="INFO">Successfully initialized new page object and opened url: http://localhost:3002/</msg>
<msg time="2025-07-11T16:40:24.984788" level="INFO">No context was open. New context was automatically opened when this page is created.</msg>
<msg time="2025-07-11T16:40:24.984909" level="DEBUG">Video is not enabled.</msg>
<msg time="2025-07-11T16:40:24.985114" level="TRACE">Return: {'page_id': 'page=4376b18e-f3c5-4dbd-b6da-9bdf1a69a819', 'video_path': ''}</msg>
<arg>http://localhost:3002/</arg>
<tag>BrowserControl</tag>
<tag>Setter</tag>
<doc>Open a new Page.</doc>
<status status="PASS" start="2025-07-11T16:40:20.905257" elapsed="4.079973"/>
</kw>
<msg time="2025-07-11T16:40:24.985495" level="TRACE">Return: None</msg>
<status status="PASS" start="2025-07-11T16:40:15.728077" elapsed="9.257502"/>
</kw>
<kw name="Limpar todos os usuários" owner="Mongo">
<msg time="2025-07-11T16:40:24.991507" level="TRACE">Arguments: [  ]</msg>
<kw name="Delete All Users" owner="Mongo">
<msg time="2025-07-11T16:40:24.992473" level="TRACE">Arguments: [  ]</msg>
<msg time="2025-07-11T16:40:29.289066" level="DEBUG">{"message": "Server selection started", "selector": "&lt;function writable_server_selector at 0x000002003D348F40&gt;", "operation": "delete", "topologyDescription": "&lt;TopologyDescription id: 687168a84a6ac969c7c81ff1, topology_type: ReplicaSetNoPrimary, servers: [&lt;ServerDescription ('ac-525ct5e-shard-00-00.ng9ex7h.mongodb.net', 27017) server_type: Unknown, rtt: None&gt;, &lt;ServerDescription ('ac-525ct5e-shard-00-01.ng9ex7h.mongodb.net', 27017) server_type: Unknown, rtt: None&gt;, &lt;ServerDescription ('ac-525ct5e-shard-00-02.ng9ex7h.mongodb.net', 27017) server_type: Unknown, rtt: None&gt;]&gt;", "clientId": {"$oid": "687168a84a6ac969c7c81ff1"}}</msg>
<msg time="2025-07-11T16:40:29.289571" level="DEBUG">{"message": "Waiting for suitable server to become available", "selector": "&lt;function writable_server_selector at 0x000002003D348F40&gt;", "operation": "delete", "topologyDescription": "&lt;TopologyDescription id: 687168a84a6ac969c7c81ff1, topology_type: ReplicaSetNoPrimary, servers: [&lt;ServerDescription ('ac-525ct5e-shard-00-00.ng9ex7h.mongodb.net', 27017) server_type: Unknown, rtt: None&gt;, &lt;ServerDescription ('ac-525ct5e-shard-00-01.ng9ex7h.mongodb.net', 27017) server_type: Unknown, rtt: None&gt;, &lt;ServerDescription ('ac-525ct5e-shard-00-02.ng9ex7h.mongodb.net', 27017) server_type: Unknown, rtt: None&gt;]&gt;", "clientId": {"$oid": "687168a84a6ac969c7c81ff1"}, "remainingTimeMS": 29991}</msg>
<msg time="2025-07-11T16:40:29.437100" level="DEBUG">{"message": "Server selection succeeded", "selector": "&lt;function writable_server_selector at 0x000002003D348F40&gt;", "operation": "delete", "topologyDescription": "&lt;TopologyDescription id: 687168a84a6ac969c7c81ff1, topology_type: ReplicaSetWithPrimary, servers: [&lt;ServerDescription ('ac-525ct5e-shard-00-00.ng9ex7h.mongodb.net', 27017) server_type: RSSecondary, rtt: 0.043526500000552915&gt;, &lt;ServerDescription ('ac-525ct5e-shard-00-01.ng9ex7h.mongodb.net', 27017) server_type: Unknown, rtt: None&gt;, &lt;ServerDescription ('ac-525ct5e-shard-00-02.ng9ex7h.mongodb.net', 27017) server_type: RSPrimary, rtt: 0.03280889999950887&gt;]&gt;", "clientId": {"$oid": "687168a84a6ac969c7c81ff1"}, "serverHost": "ac-525ct5e-shard-00-02.ng9ex7h.mongodb.net", "serverPort": 27017}</msg>
<msg time="2025-07-11T16:40:29.437260" level="DEBUG">{"message": "Connection checkout started", "clientId": {"$oid": "687168a84a6ac969c7c81ff1"}, "serverHost": "ac-525ct5e-shard-00-02.ng9ex7h.mongodb.net", "serverPort": 27017}</msg>
<msg time="2025-07-11T16:40:29.437350" level="DEBUG">{"message": "Connection created", "clientId": {"$oid": "687168a84a6ac969c7c81ff1"}, "serverHost": "ac-525ct5e-shard-00-02.ng9ex7h.mongodb.net", "serverPort": 27017, "driverConnectionId": 1}</msg>
<msg time="2025-07-11T16:40:29.658051" level="DEBUG">{"message": "Connection ready", "clientId": {"$oid": "687168a84a6ac969c7c81ff1"}, "serverHost": "ac-525ct5e-shard-00-02.ng9ex7h.mongodb.net", "serverPort": 27017, "driverConnectionId": 1, "durationMS": 0.13077880000037112}</msg>
<msg time="2025-07-11T16:40:29.658333" level="DEBUG">{"message": "Connection checked out", "clientId": {"$oid": "687168a84a6ac969c7c81ff1"}, "serverHost": "ac-525ct5e-shard-00-02.ng9ex7h.mongodb.net", "serverPort": 27017, "driverConnectionId": 1, "durationMS": 0.22098579999965295}</msg>
<msg time="2025-07-11T16:40:29.658896" level="DEBUG">{"message": "Command started", "clientId": {"$oid": "687168a84a6ac969c7c81ff1"}, "command": "{\"delete\": \"users\", \"ordered\": true, \"lsid\": {\"id\": {\"$binary\": {\"base64\": \"axgXl1A4Qb+VLBQYR1FUpg==\", \"subType\": \"04\"}}}, \"$clusterTime\": {\"clusterTime\": {\"$timestamp\": {\"t\": 1752262826, \"i\": 6}}, \"signature\": {\"hash\": {\"$binary\": {\"base64\": \"lgZlN63RTGkILeT1/nvdL/dLx1s=\", \"subType\": \"00\"}}, \"keyId\": 7476099450155302913}}, \"writeConcern\": {\"w\": \"majority\"}, \"$db\": \"test\"}", "commandName": "delete", "databaseName": "test", "requestId": 26500, "operationId": 26500, "driverConnectionId": 1, "serverConnectionId": 4947, "serverHost": "ac-525ct5e-shard-00-02.ng9ex7h.mongodb.net", "serverPort": 27017}</msg>
<msg time="2025-07-11T16:40:29.687290" level="DEBUG">{"message": "Command succeeded", "clientId": {"$oid": "687168a84a6ac969c7c81ff1"}, "durationMS": 28.402, "reply": "{\"n\": 1, \"electionId\": {\"$oid\": \"7fffffff000000000000003a\"}, \"opTime\": {\"ts\": {\"$timestamp\": {\"t\": 1752262827, \"i\": 2}}, \"t\": 58}, \"ok\": 1.0, \"$clusterTime\": {\"clusterTime\": {\"$timestamp\": {\"t\": 1752262827, \"i\": 2}}, \"signature\": {\"hash\": {\"$binary\": {\"base64\": \"lxgVarrgBSALE6XNnn4d+NyysT0=\", \"subType\": \"00\"}}, \"keyId\": 7476099450155302913}}, \"operationTime\": {\"$timestamp\": {\"t\": 1752262827, \"i\": 2}}}", "commandName": "delete", "databaseName": "test", "requestId": 26500, "operationId": 26500, "driverConnectionId": 1, "serverConnectionId": 4947, "serverHost": "ac-525ct5e-shard-00-02.ng9ex7h.mongodb.net", "serverPort": 27017}</msg>
<msg time="2025-07-11T16:40:29.687574" level="DEBUG">{"message": "Connection checked in", "clientId": {"$oid": "687168a84a6ac969c7c81ff1"}, "serverHost": "ac-525ct5e-shard-00-02.ng9ex7h.mongodb.net", "serverPort": 27017, "driverConnectionId": 1}</msg>
<msg time="2025-07-11T16:40:29.687775" level="TRACE">Return: 1</msg>
<msg time="2025-07-11T16:40:29.687992" level="INFO">${deletados} = 1</msg>
<var>${deletados}</var>
<status status="PASS" start="2025-07-11T16:40:24.991884" elapsed="4.696162"/>
</kw>
<kw name="Log To Console" owner="BuiltIn">
<msg time="2025-07-11T16:40:29.689198" level="TRACE">Arguments: [ '1 usuários removidos da coleção' ]</msg>
<msg time="2025-07-11T16:40:29.692230" level="TRACE">Return: None</msg>
<arg>${deletados} usuários removidos da coleção</arg>
<doc>Logs the given message to the console.</doc>
<status status="PASS" start="2025-07-11T16:40:29.688329" elapsed="0.004051"/>
</kw>
<msg time="2025-07-11T16:40:29.692561" level="TRACE">Return: None</msg>
<status status="PASS" start="2025-07-11T16:40:24.990354" elapsed="4.702295"/>
</kw>
<kw name="Remover Usuário Existente">
<msg time="2025-07-11T16:40:29.694830" level="TRACE">Arguments: [ ${email}='thais@yahoo.com' ]</msg>
<kw name="Obter usuário por email" owner="Mongo">
<msg time="2025-07-11T16:40:29.702950" level="TRACE">Arguments: [ ${email}='thais@yahoo.com' ]</msg>
<kw name="Get User" owner="Mongo">
<msg time="2025-07-11T16:40:29.703881" level="TRACE">Arguments: [ 'thais@yahoo.com' ]</msg>
<msg time="2025-07-11T16:40:29.704476" level="DEBUG">{"message": "Server selection started", "selector": "Primary()", "operation": "find", "topologyDescription": "&lt;TopologyDescription id: 687168a84a6ac969c7c81ff1, topology_type: ReplicaSetWithPrimary, servers: [&lt;ServerDescription ('ac-525ct5e-shard-00-00.ng9ex7h.mongodb.net', 27017) server_type: RSSecondary, rtt: 0.043526500000552915&gt;, &lt;ServerDescription ('ac-525ct5e-shard-00-01.ng9ex7h.mongodb.net', 27017) server_type: RSSecondary, rtt: 0.03387219999967783&gt;, &lt;ServerDescription ('ac-525ct5e-shard-00-02.ng9ex7h.mongodb.net', 27017) server_type: RSPrimary, rtt: 0.03280889999950887&gt;]&gt;", "clientId": {"$oid": "687168a84a6ac969c7c81ff1"}}</msg>
<msg time="2025-07-11T16:40:29.704849" level="DEBUG">{"message": "Server selection succeeded", "selector": "Primary()", "operation": "find", "topologyDescription": "&lt;TopologyDescription id: 687168a84a6ac969c7c81ff1, topology_type: ReplicaSetWithPrimary, servers: [&lt;ServerDescription ('ac-525ct5e-shard-00-00.ng9ex7h.mongodb.net', 27017) server_type: RSSecondary, rtt: 0.043526500000552915&gt;, &lt;ServerDescription ('ac-525ct5e-shard-00-01.ng9ex7h.mongodb.net', 27017) server_type: RSSecondary, rtt: 0.03387219999967783&gt;, &lt;ServerDescription ('ac-525ct5e-shard-00-02.ng9ex7h.mongodb.net', 27017) server_type: RSPrimary, rtt: 0.03280889999950887&gt;]&gt;", "clientId": {"$oid": "687168a84a6ac969c7c81ff1"}, "serverHost": "ac-525ct5e-shard-00-02.ng9ex7h.mongodb.net", "serverPort": 27017}</msg>
<msg time="2025-07-11T16:40:29.705115" level="DEBUG">{"message": "Connection checkout started", "clientId": {"$oid": "687168a84a6ac969c7c81ff1"}, "serverHost": "ac-525ct5e-shard-00-02.ng9ex7h.mongodb.net", "serverPort": 27017}</msg>
<msg time="2025-07-11T16:40:29.705337" level="DEBUG">{"message": "Connection checked out", "clientId": {"$oid": "687168a84a6ac969c7c81ff1"}, "serverHost": "ac-525ct5e-shard-00-02.ng9ex7h.mongodb.net", "serverPort": 27017, "driverConnectionId": 1, "durationMS": 0.00022570000055566197}</msg>
<msg time="2025-07-11T16:40:29.706004" level="DEBUG">{"message": "Command started", "clientId": {"$oid": "687168a84a6ac969c7c81ff1"}, "command": "{\"find\": \"users\", \"filter\": {\"email\": \"thais@yahoo.com\"}, \"limit\": 1, \"singleBatch\": true, \"lsid\": {\"id\": {\"$binary\": {\"base64\": \"axgXl1A4Qb+VLBQYR1FUpg==\", \"subType\": \"04\"}}}, \"$clusterTime\": {\"clusterTime\": {\"$timestamp\": {\"t\": 1752262827, \"i\": 2}}, \"signature\": {\"hash\": {\"$binary\": {\"base64\": \"lxgVarrgBSALE6XNnn4d+NyysT0=\", \"subType\": \"00\"}}, \"keyId\": 7476099450155302913}}, \"$db\": \"test\"}", "commandName": "find", "databaseName": "test", "requestId": 19169, "operationId": 19169, "driverConnectionId": 1, "serverConnectionId": 4947, "serverHost": "ac-525ct5e-shard-00-02.ng9ex7h.mongodb.net", "serverPort": 27017}</msg>
<msg time="2025-07-11T16:40:29.724722" level="DEBUG">{"message": "Command succeeded", "clientId": {"$oid": "687168a84a6ac969c7c81ff1"}, "durationMS": 18.96, "reply": "{\"cursor\": {\"ns\": \"test.users\"}, \"ok\": 1.0, \"$clusterTime\": {\"clusterTime\": {\"$timestamp\": {\"t\": 1752262827, \"i\": 2}}, \"signature\": {\"hash\": {\"$binary\": {\"base64\": \"lxgVarrgBSALE6XNnn4d+NyysT0=\", \"subType\": \"00\"}}, \"keyId\": 7476099450155302913}}, \"operationTime\": {\"$timestamp\": {\"t\": 1752262827, \"i\": 2}}}", "commandName": "find", "databaseName": "test", "requestId": 19169, "operationId": 19169, "driverConnectionId": 1, "serverConnectionId": 4947, "serverHost": "ac-525ct5e-shard-00-02.ng9ex7h.mongodb.net", "serverPort": 27017}</msg>
<msg time="2025-07-11T16:40:29.725035" level="DEBUG">{"message": "Connection checked in", "clientId": {"$oid": "687168a84a6ac969c7c81ff1"}, "serverHost": "ac-525ct5e-shard-00-02.ng9ex7h.mongodb.net", "serverPort": 27017, "driverConnectionId": 1}</msg>
<msg time="2025-07-11T16:40:29.725268" level="TRACE">Return: None</msg>
<msg time="2025-07-11T16:40:29.725464" level="INFO">${user} = None</msg>
<var>${user}</var>
<arg>${email}</arg>
<status status="PASS" start="2025-07-11T16:40:29.703314" elapsed="0.022213"/>
</kw>
<return>
<value>${user}</value>
<status status="PASS" start="2025-07-11T16:40:29.725701" elapsed="0.000472"/>
</return>
<msg time="2025-07-11T16:40:29.726472" level="TRACE">Return: None</msg>
<msg time="2025-07-11T16:40:29.726650" level="INFO">${user_existe} = None</msg>
<var>${user_existe}</var>
<arg>${email}</arg>
<status status="PASS" start="2025-07-11T16:40:29.695356" elapsed="0.031367"/>
</kw>
<kw name="Log" owner="BuiltIn">
<msg time="2025-07-11T16:40:29.727641" level="TRACE">Arguments: [ 'Resultado do get_user: None' ]</msg>
<msg time="2025-07-11T16:40:29.727819" level="INFO">Resultado do get_user: None</msg>
<msg time="2025-07-11T16:40:29.727890" level="TRACE">Return: None</msg>
<arg>Resultado do get_user: ${user_existe}</arg>
<doc>Logs the given message with the given level.</doc>
<status status="PASS" start="2025-07-11T16:40:29.727000" elapsed="0.000954"/>
</kw>
<kw name="Run Keyword If" owner="BuiltIn">
<msg time="2025-07-11T16:40:29.728899" level="TRACE">Arguments: [ None | 'Remover usuário por email' | '${email}' ]</msg>
<msg time="2025-07-11T16:40:29.729079" level="TRACE">Return: None</msg>
<arg>${user_existe}</arg>
<arg>Remover usuário por email</arg>
<arg>${email}</arg>
<doc>Runs the given keyword with the given arguments, if ``condition`` is true.</doc>
<status status="PASS" start="2025-07-11T16:40:29.728262" elapsed="0.000887"/>
</kw>
<msg time="2025-07-11T16:40:29.729298" level="TRACE">Return: None</msg>
<arg>${EMAIL}</arg>
<status status="PASS" start="2025-07-11T16:40:29.693850" elapsed="0.035514"/>
</kw>
<kw name="Create Dictionary" owner="BuiltIn">
<msg time="2025-07-11T16:40:29.730349" level="TRACE">Arguments: [ 'name=Thaís Amaral' | 'email=${EMAIL}' | 'password=${SENHA}' | 'confirmPassword=${SENHA}' ]</msg>
<msg time="2025-07-11T16:40:29.731206" level="TRACE">Return: {'name': 'Thaís Amaral',
 'email': 'thais@yahoo.com',
 'password': 'pwd123',
 'confirmPassword': 'pwd123'}</msg>
<msg time="2025-07-11T16:40:29.731485" level="INFO">${usuario} = {'name': 'Thaís Amaral', 'email': 'thais@yahoo.com', 'password': 'pwd123', 'confirmPassword': 'pwd123'}</msg>
<var>${usuario}</var>
<arg>name=Thaís Amaral</arg>
<arg>email=${EMAIL}</arg>
<arg>password=${SENHA}</arg>
<arg>confirmPassword=${SENHA}</arg>
<doc>Creates and returns a dictionary based on the given ``items``.</doc>
<status status="PASS" start="2025-07-11T16:40:29.729871" elapsed="0.001681"/>
</kw>
<kw name="Ir Para Cadastro" owner="AuthPage">
<msg time="2025-07-11T16:40:29.734474" level="TRACE">Arguments: [  ]</msg>
<kw name="Wait For Elements State" owner="Browser">
<msg time="2025-07-11T16:40:29.736053" level="TRACE">Arguments: [ 'text=Cadastrar' | &lt;ElementState.visible: 4&gt; | timeout=datetime.timedelta(seconds=5) ]</msg>
<msg time="2025-07-11T16:40:29.789287" level="INFO">Waited for Element with selector text=Cadastrar at state visible</msg>
<msg time="2025-07-11T16:40:29.789555" level="TRACE">Return: None</msg>
<arg>text=Cadastrar</arg>
<arg>visible</arg>
<arg>timeout=5</arg>
<tag>PageContent</tag>
<tag>Wait</tag>
<doc>Waits for the element found by ``selector`` to satisfy state option.</doc>
<status status="PASS" start="2025-07-11T16:40:29.734814" elapsed="0.054861"/>
</kw>
<kw name="Click" owner="Browser">
<msg time="2025-07-11T16:40:29.790973" level="TRACE">Arguments: [ 'text=Cadastrar' ]</msg>
<msg time="2025-07-11T16:40:29.791156" level="INFO">Clicks the element 'text=Cadastrar'.</msg>
<msg time="2025-07-11T16:40:29.792372" level="DEBUG">Click options are: {"button": "left", "clickCount": 1, "force": false, "noWaitAfter": false, "trial": false}</msg>
<msg time="2025-07-11T16:40:29.886213" level="DEBUG">Clicked element: 'text=Cadastrar' with options: '{"button": "left", "clickCount": 1, "force": false, "noWaitAfter": false, "trial": false}' successfully.</msg>
<msg time="2025-07-11T16:40:29.886452" level="TRACE">Return: None</msg>
<arg>text=Cadastrar</arg>
<tag>PageContent</tag>
<tag>Setter</tag>
<doc>Simulates mouse click on the element found by ``selector``.</doc>
<status status="PASS" start="2025-07-11T16:40:29.789982" elapsed="0.096584"/>
</kw>
<msg time="2025-07-11T16:40:29.886733" level="TRACE">Return: None</msg>
<doc>Acessa a tela de cadastro a partir da página inicial</doc>
<status status="PASS" start="2025-07-11T16:40:29.733354" elapsed="0.153448"/>
</kw>
<kw name="Preencher Formulário Cadastro" owner="AuthPage">
<msg time="2025-07-11T16:40:29.934457" level="TRACE">Arguments: [ ${user}={'name': 'Thaís Amaral',
 'email': 'thais@yahoo.com',
 'password': 'pwd123',
 'confirmPassword': 'pwd123'} ]</msg>
<kw name="Fill Text" owner="Browser">
<msg time="2025-07-11T16:40:29.936370" level="TRACE">Arguments: [ 'id=name' | 'Thaís Amaral' ]</msg>
<msg time="2025-07-11T16:40:29.936646" level="INFO">Fills the text 'Thaís Amaral' in the given field.</msg>
<msg time="2025-07-11T16:40:29.983529" level="DEBUG">Fill text Thaís Amaral on id=name with force: false</msg>
<msg time="2025-07-11T16:40:29.983791" level="TRACE">Return: None</msg>
<arg>id=name</arg>
<arg>${user}[name]</arg>
<tag>PageContent</tag>
<tag>Setter</tag>
<doc>Clears and fills the given ``txt`` into the text field found by ``selector``.</doc>
<status status="PASS" start="2025-07-11T16:40:29.934903" elapsed="0.048995"/>
</kw>
<kw name="Fill Text" owner="Browser">
<msg time="2025-07-11T16:40:29.985568" level="TRACE">Arguments: [ 'id=email' | 'thais@yahoo.com' ]</msg>
<msg time="2025-07-11T16:40:29.985789" level="INFO">Fills the text 'thais@yahoo.com' in the given field.</msg>
<msg time="2025-07-11T16:40:30.048768" level="DEBUG">Fill text thais@yahoo.com on id=email with force: false</msg>
<msg time="2025-07-11T16:40:30.049856" level="TRACE">Return: None</msg>
<arg>id=email</arg>
<arg>${user}[email]</arg>
<tag>PageContent</tag>
<tag>Setter</tag>
<doc>Clears and fills the given ``txt`` into the text field found by ``selector``.</doc>
<status status="PASS" start="2025-07-11T16:40:29.984199" elapsed="0.065921"/>
</kw>
<kw name="Fill Text" owner="Browser">
<msg time="2025-07-11T16:40:30.052260" level="TRACE">Arguments: [ 'id=password' | 'pwd123' ]</msg>
<msg time="2025-07-11T16:40:30.052644" level="INFO">Fills the text 'pwd123' in the given field.</msg>
<msg time="2025-07-11T16:40:30.087521" level="DEBUG">Fill text pwd123 on id=password with force: false</msg>
<msg time="2025-07-11T16:40:30.087750" level="TRACE">Return: None</msg>
<arg>id=password</arg>
<arg>${user}[password]</arg>
<tag>PageContent</tag>
<tag>Setter</tag>
<doc>Clears and fills the given ``txt`` into the text field found by ``selector``.</doc>
<status status="PASS" start="2025-07-11T16:40:30.050502" elapsed="0.037348"/>
</kw>
<kw name="Fill Text" owner="Browser">
<msg time="2025-07-11T16:40:30.089924" level="TRACE">Arguments: [ 'id=confirmPassword' | 'pwd123' ]</msg>
<msg time="2025-07-11T16:40:30.090232" level="INFO">Fills the text 'pwd123' in the given field.</msg>
<msg time="2025-07-11T16:40:30.119140" level="DEBUG">Fill text pwd123 on id=confirmPassword with force: false</msg>
<msg time="2025-07-11T16:40:30.119375" level="TRACE">Return: None</msg>
<arg>id=confirmPassword</arg>
<arg>${user}[confirmPassword]</arg>
<tag>PageContent</tag>
<tag>Setter</tag>
<doc>Clears and fills the given ``txt`` into the text field found by ``selector``.</doc>
<status status="PASS" start="2025-07-11T16:40:30.088128" elapsed="0.031354"/>
</kw>
<kw name="Take Screenshot" owner="Browser">
<msg time="2025-07-11T16:40:30.120939" level="TRACE">Arguments: [ filename='auth_01_form_cadastro.png' ]</msg>
<msg time="2025-07-11T16:40:30.370974" level="DEBUG">Screenshot successfully captured to: C:\Users\thais\OneDrive\Documents\robotfrontend\logs\browser\screenshot\auth_01_form_cadastro.png.png</msg>
<msg time="2025-07-11T16:40:30.371339" level="INFO" html="true">&lt;/td&gt;&lt;/tr&gt;&lt;tr&gt;&lt;td colspan="3"&gt;&lt;a href="browser/screenshot/auth_01_form_cadastro.png.png" target="_blank"&gt;&lt;img src="browser/screenshot/auth_01_form_cadastro.png.png" width="800px"/&gt;&lt;/a&gt;</msg>
<msg time="2025-07-11T16:40:30.371527" level="TRACE">Return: 'C:\\Users\\thais\\OneDrive\\Documents\\robotfrontend\\logs\\browser\\screenshot\\auth_01_form_cadastro.png.png'</msg>
<arg>filename=auth_01_form_cadastro.png</arg>
<tag>PageContent</tag>
<doc>Takes a screenshot of the current window or element and saves it to disk.</doc>
<status status="PASS" start="2025-07-11T16:40:30.119798" elapsed="0.251812"/>
</kw>
<msg time="2025-07-11T16:40:30.371723" level="TRACE">Return: None</msg>
<arg>${usuario}</arg>
<doc>Preenche os campos do formulário de cadastro com dados válidos ou inválidos</doc>
<status status="PASS" start="2025-07-11T16:40:29.932255" elapsed="0.439512"/>
</kw>
<kw name="Submeter Cadastro" owner="AuthPage">
<msg time="2025-07-11T16:40:30.373400" level="TRACE">Arguments: [  ]</msg>
<kw name="Click" owner="Browser">
<msg time="2025-07-11T16:40:30.374867" level="TRACE">Arguments: [ 'css=button[type=submit]' ]</msg>
<msg time="2025-07-11T16:40:30.375084" level="INFO">Clicks the element 'css=button[type=submit]'.</msg>
<msg time="2025-07-11T16:40:30.376333" level="DEBUG">Click options are: {"button": "left", "clickCount": 1, "force": false, "noWaitAfter": false, "trial": false}</msg>
<msg time="2025-07-11T16:40:30.452676" level="DEBUG">Clicked element: 'css=button[type=submit]' with options: '{"button": "left", "clickCount": 1, "force": false, "noWaitAfter": false, "trial": false}' successfully.</msg>
<msg time="2025-07-11T16:40:30.452903" level="TRACE">Return: None</msg>
<arg>css=button[type=submit]</arg>
<tag>PageContent</tag>
<tag>Setter</tag>
<doc>Simulates mouse click on the element found by ``selector``.</doc>
<status status="PASS" start="2025-07-11T16:40:30.373755" elapsed="0.079249"/>
</kw>
<kw name="Take Screenshot" owner="Browser">
<msg time="2025-07-11T16:40:30.454638" level="TRACE">Arguments: [ filename='auth_02_submit_cadastro.png' ]</msg>
<msg time="2025-07-11T16:40:30.710557" level="DEBUG">Screenshot successfully captured to: C:\Users\thais\OneDrive\Documents\robotfrontend\logs\browser\screenshot\auth_02_submit_cadastro.png.png</msg>
<msg time="2025-07-11T16:40:30.711142" level="INFO" html="true">&lt;/td&gt;&lt;/tr&gt;&lt;tr&gt;&lt;td colspan="3"&gt;&lt;a href="browser/screenshot/auth_02_submit_cadastro.png.png" target="_blank"&gt;&lt;img src="browser/screenshot/auth_02_submit_cadastro.png.png" width="800px"/&gt;&lt;/a&gt;</msg>
<msg time="2025-07-11T16:40:30.711517" level="TRACE">Return: 'C:\\Users\\thais\\OneDrive\\Documents\\robotfrontend\\logs\\browser\\screenshot\\auth_02_submit_cadastro.png.png'</msg>
<arg>filename=auth_02_submit_cadastro.png</arg>
<tag>PageContent</tag>
<doc>Takes a screenshot of the current window or element and saves it to disk.</doc>
<status status="PASS" start="2025-07-11T16:40:30.453397" elapsed="0.258306"/>
</kw>
<msg time="2025-07-11T16:40:30.711891" level="TRACE">Return: None</msg>
<doc>Clica no botão para submeter o cadastro</doc>
<status status="PASS" start="2025-07-11T16:40:30.372483" elapsed="0.339510"/>
</kw>
<kw name="Wait For Elements State" owner="Browser">
<msg time="2025-07-11T16:40:30.718262" level="TRACE">Arguments: [ 'css=.alert-content' | &lt;ElementState.visible: 4&gt; | timeout=datetime.timedelta(seconds=5) ]</msg>
<msg time="2025-07-11T16:40:31.060164" level="INFO">Waited for Element with selector css=.alert-content at state visible</msg>
<msg time="2025-07-11T16:40:31.060411" level="TRACE">Return: None</msg>
<arg>css=.alert-content</arg>
<arg>visible</arg>
<arg>timeout=5</arg>
<tag>PageContent</tag>
<tag>Wait</tag>
<doc>Waits for the element found by ``selector`` to satisfy state option.</doc>
<status status="PASS" start="2025-07-11T16:40:30.716603" elapsed="0.343936"/>
</kw>
<kw name="Get Text" owner="Browser">
<msg time="2025-07-11T16:40:31.102085" level="TRACE">Arguments: [ 'css=.alert-content' ]</msg>
<msg time="2025-07-11T16:40:31.304273" level="DEBUG">Text received successfully.</msg>
<msg time="2025-07-11T16:40:31.304404" level="INFO">Text: 'Conta criada com sucesso!'</msg>
<msg time="2025-07-11T16:40:31.304507" level="TRACE">Return: 'Conta criada com sucesso!'</msg>
<msg time="2025-07-11T16:40:31.304687" level="INFO">${msg} = Conta criada com sucesso!</msg>
<var>${msg}</var>
<arg>css=.alert-content</arg>
<tag>Assertion</tag>
<tag>Getter</tag>
<tag>PageContent</tag>
<doc>Returns text attribute of the element found by ``selector``.</doc>
<status status="PASS" start="2025-07-11T16:40:31.099561" elapsed="0.205179"/>
</kw>
<kw name="Should Be Equal As Strings" owner="BuiltIn">
<msg time="2025-07-11T16:40:31.313550" level="TRACE">Arguments: [ 'Conta criada com sucesso!' | 'Conta criada com sucesso!' ]</msg>
<msg time="2025-07-11T16:40:31.313735" level="DEBUG">Argument types are:
&lt;class 'str'&gt;
&lt;class 'str'&gt;</msg>
<msg time="2025-07-11T16:40:31.313827" level="TRACE">Return: None</msg>
<arg>${msg}</arg>
<arg>Conta criada com sucesso!</arg>
<doc>Fails if objects are unequal after converting them to strings.</doc>
<status status="PASS" start="2025-07-11T16:40:31.312957" elapsed="0.000934"/>
</kw>
<kw name="Take Screenshot" owner="Browser">
<msg time="2025-07-11T16:40:31.316529" level="TRACE">Arguments: [ filename='CT-001_01_cadastro_sucesso.png' ]</msg>
<msg time="2025-07-11T16:40:31.503102" level="DEBUG">Screenshot successfully captured to: C:\Users\thais\OneDrive\Documents\robotfrontend\logs\browser\screenshot\CT-001_01_cadastro_sucesso.png.png</msg>
<msg time="2025-07-11T16:40:31.503723" level="INFO" html="true">&lt;/td&gt;&lt;/tr&gt;&lt;tr&gt;&lt;td colspan="3"&gt;&lt;a href="browser/screenshot/CT-001_01_cadastro_sucesso.png.png" target="_blank"&gt;&lt;img src="browser/screenshot/CT-001_01_cadastro_sucesso.png.png" width="800px"/&gt;&lt;/a&gt;</msg>
<msg time="2025-07-11T16:40:31.503951" level="TRACE">Return: 'C:\\Users\\thais\\OneDrive\\Documents\\robotfrontend\\logs\\browser\\screenshot\\CT-001_01_cadastro_sucesso.png.png'</msg>
<arg>filename=CT-001_01_cadastro_sucesso.png</arg>
<tag>PageContent</tag>
<doc>Takes a screenshot of the current window or element and saves it to disk.</doc>
<status status="PASS" start="2025-07-11T16:40:31.315385" elapsed="0.188670"/>
</kw>
<kw name="Obter usuário por email" owner="Mongo">
<msg time="2025-07-11T16:40:31.505504" level="TRACE">Arguments: [ ${email}='thais@yahoo.com' ]</msg>
<kw name="Get User" owner="Mongo">
<msg time="2025-07-11T16:40:31.507011" level="TRACE">Arguments: [ 'thais@yahoo.com' ]</msg>
<msg time="2025-07-11T16:40:31.507547" level="DEBUG">{"message": "Server selection started", "selector": "Primary()", "operation": "find", "topologyDescription": "&lt;TopologyDescription id: 687168a84a6ac969c7c81ff1, topology_type: ReplicaSetWithPrimary, servers: [&lt;ServerDescription ('ac-525ct5e-shard-00-00.ng9ex7h.mongodb.net', 27017) server_type: RSSecondary, rtt: 0.043526500000552915&gt;, &lt;ServerDescription ('ac-525ct5e-shard-00-01.ng9ex7h.mongodb.net', 27017) server_type: RSSecondary, rtt: 0.03387219999967783&gt;, &lt;ServerDescription ('ac-525ct5e-shard-00-02.ng9ex7h.mongodb.net', 27017) server_type: RSPrimary, rtt: 0.03280889999950887&gt;]&gt;", "clientId": {"$oid": "687168a84a6ac969c7c81ff1"}}</msg>
<msg time="2025-07-11T16:40:31.507888" level="DEBUG">{"message": "Server selection succeeded", "selector": "Primary()", "operation": "find", "topologyDescription": "&lt;TopologyDescription id: 687168a84a6ac969c7c81ff1, topology_type: ReplicaSetWithPrimary, servers: [&lt;ServerDescription ('ac-525ct5e-shard-00-00.ng9ex7h.mongodb.net', 27017) server_type: RSSecondary, rtt: 0.043526500000552915&gt;, &lt;ServerDescription ('ac-525ct5e-shard-00-01.ng9ex7h.mongodb.net', 27017) server_type: RSSecondary, rtt: 0.03387219999967783&gt;, &lt;ServerDescription ('ac-525ct5e-shard-00-02.ng9ex7h.mongodb.net', 27017) server_type: RSPrimary, rtt: 0.03280889999950887&gt;]&gt;", "clientId": {"$oid": "687168a84a6ac969c7c81ff1"}, "serverHost": "ac-525ct5e-shard-00-02.ng9ex7h.mongodb.net", "serverPort": 27017}</msg>
<msg time="2025-07-11T16:40:31.508095" level="DEBUG">{"message": "Connection checkout started", "clientId": {"$oid": "687168a84a6ac969c7c81ff1"}, "serverHost": "ac-525ct5e-shard-00-02.ng9ex7h.mongodb.net", "serverPort": 27017}</msg>
<msg time="2025-07-11T16:40:31.508333" level="DEBUG">{"message": "Connection checked out", "clientId": {"$oid": "687168a84a6ac969c7c81ff1"}, "serverHost": "ac-525ct5e-shard-00-02.ng9ex7h.mongodb.net", "serverPort": 27017, "driverConnectionId": 1, "durationMS": 0.0002103000006172806}</msg>
<msg time="2025-07-11T16:40:31.508768" level="DEBUG">{"message": "Command started", "clientId": {"$oid": "687168a84a6ac969c7c81ff1"}, "command": "{\"find\": \"users\", \"filter\": {\"email\": \"thais@yahoo.com\"}, \"limit\": 1, \"singleBatch\": true, \"lsid\": {\"id\": {\"$binary\": {\"base64\": \"axgXl1A4Qb+VLBQYR1FUpg==\", \"subType\": \"04\"}}}, \"$clusterTime\": {\"clusterTime\": {\"$timestamp\": {\"t\": 1752262827, \"i\": 2}}, \"signature\": {\"hash\": {\"$binary\": {\"base64\": \"lxgVarrgBSALE6XNnn4d+NyysT0=\", \"subType\": \"00\"}}, \"keyId\": 7476099450155302913}}, \"$db\": \"test\"}", "commandName": "find", "databaseName": "test", "requestId": 15724, "operationId": 15724, "driverConnectionId": 1, "serverConnectionId": 4947, "serverHost": "ac-525ct5e-shard-00-02.ng9ex7h.mongodb.net", "serverPort": 27017}</msg>
<msg time="2025-07-11T16:40:31.526151" level="DEBUG">{"message": "Command succeeded", "clientId": {"$oid": "687168a84a6ac969c7c81ff1"}, "durationMS": 17.239, "reply": "{\"cursor\": {\"firstBatch\": [{\"_id\": {\"$oid\": \"687168ae60a60a0f4dfb2e75\"}, \"name\": \"Tha\\u00eds Amaral\", \"email\": \"thais@yahoo.com\", \"password\": \"$2b$10$9SF0q/ozo.nV3kPyro9BKe904QHFjEpL5IGwWqBJocQd6ACAKXC.S\", \"role\": \"user\", \"createdAt\": {\"$date\": \"2025-07-11T19:40:30.745Z\"}, \"updatedAt\": {\"$date\": \"2025-07-11T19:40:30.745Z\"}}], \"ns\": \"test.users\"}, \"ok\": 1.0, \"$clusterTime\": {\"clusterTime\": {\"$timestamp\": {\"t\": 1752262828, \"i\": 5}}, \"signature\": {\"hash\": {\"$binary\": {\"base64\": \"/m/BeyHhRzSPvLJ3kzATAkap+sY=\", \"subType\": \"00\"}}, \"keyId\": 7476099450155302913}}, \"operationTime\": {\"$timestamp\": {\"t\": 1752262828, \"i\": 5}}}", "commandName": "find", "databaseName": "test", "requestId": 15724, "operationId": 15724, "driverConnectionId": 1, "serverConnectionId": 4947, "serverHost": "ac-525ct5e-shard-00-02.ng9ex7h.mongodb.net", "serverPort": 27017}</msg>
<msg time="2025-07-11T16:40:31.526982" level="DEBUG">{"message": "Connection checked in", "clientId": {"$oid": "687168a84a6ac969c7c81ff1"}, "serverHost": "ac-525ct5e-shard-00-02.ng9ex7h.mongodb.net", "serverPort": 27017, "driverConnectionId": 1}</msg>
<msg time="2025-07-11T16:40:31.527502" level="TRACE">Return: {'_id': ObjectId('687168ae60a60a0f4dfb2e75'),
 'name': 'Thaís Amaral',
 'email': 'thais@yahoo.com',
 'password': '$2b$10$9SF0q/ozo.nV3kPyro9BKe904QHFjEpL5IGwWqBJocQd6ACAKXC.S',
 'role': 'user',
 'createdAt': datetime.datetime(2025, 7, 11, 19, 40, 30, 745000),
 'updatedAt': datetime.datetime(2025, 7, 11, 19, 40, 30, 745000),
 '__v': 0}</msg>
<msg time="2025-07-11T16:40:31.528393" level="INFO">${user} = {'_id': ObjectId('687168ae60a60a0f4dfb2e75'), 'name': 'Thaís Amaral', 'email': 'thais@yahoo.com', 'password': '$2b$10$9SF0q/ozo.nV3kPyro9BKe904QHFjEpL5IGwWqBJocQd6ACAKXC.S', 'role': 'user', 'createdAt...</msg>
<var>${user}</var>
<arg>${email}</arg>
<status status="PASS" start="2025-07-11T16:40:31.506104" elapsed="0.022399"/>
</kw>
<return>
<value>${user}</value>
<status status="PASS" start="2025-07-11T16:40:31.528655" elapsed="0.000448"/>
</return>
<msg time="2025-07-11T16:40:31.529376" level="TRACE">Return: {'_id': ObjectId('687168ae60a60a0f4dfb2e75'),
 'name': 'Thaís Amaral',
 'email': 'thais@yahoo.com',
 'password': '$2b$10$9SF0q/ozo.nV3kPyro9BKe904QHFjEpL5IGwWqBJocQd6ACAKXC.S',
 'role': 'user',
 'createdAt': datetime.datetime(2025, 7, 11, 19, 40, 30, 745000),
 'updatedAt': datetime.datetime(2025, 7, 11, 19, 40, 30, 745000),
 '__v': 0}</msg>
<msg time="2025-07-11T16:40:31.529655" level="INFO">${db_user} = {'_id': ObjectId('687168ae60a60a0f4dfb2e75'), 'name': 'Thaís Amaral', 'email': 'thais@yahoo.com', 'password': '$2b$10$9SF0q/ozo.nV3kPyro9BKe904QHFjEpL5IGwWqBJocQd6ACAKXC.S', 'role': 'user', 'createdAt...</msg>
<var>${db_user}</var>
<arg>${usuario}[email]</arg>
<status status="PASS" start="2025-07-11T16:40:31.504684" elapsed="0.025024"/>
</kw>
<kw name="Should Not Be Equal" owner="BuiltIn">
<msg time="2025-07-11T16:40:31.531724" level="TRACE">Arguments: [ {'_id': ObjectId('687168ae60a60a0f4dfb2e75'),
 'name': 'Thaís Amaral',
 'email': 'thais@yahoo.com',
 'password': '$2b$10$9SF0q/ozo.nV3kPyro9BKe904QHFjEpL5IGwWqBJocQd6ACAKXC.S',
 'role': 'user',
 'createdAt': datetime.datetime(2025, 7, 11, 19, 40, 30, 745000),
 'updatedAt': datetime.datetime(2025, 7, 11, 19, 40, 30, 745000),
 '__v': 0} | None ]</msg>
<msg time="2025-07-11T16:40:31.532053" level="INFO">Argument types are:
&lt;class 'dict'&gt;
&lt;class 'NoneType'&gt;</msg>
<msg time="2025-07-11T16:40:31.532147" level="TRACE">Return: None</msg>
<arg>${db_user}</arg>
<arg>${None}</arg>
<doc>Fails if the given objects are equal.</doc>
<status status="PASS" start="2025-07-11T16:40:31.530981" elapsed="0.001227"/>
</kw>
<kw name="Realizar Logout Inicial" owner="AuthPage">
<msg time="2025-07-11T16:40:31.534302" level="TRACE">Arguments: [  ]</msg>
<kw name="Run Keyword And Return Status" owner="BuiltIn">
<msg time="2025-07-11T16:40:31.535197" level="TRACE">Arguments: [ 'Wait For Elements State' | 'css=.btn-logout' | 'visible' | 'timeout=2' ]</msg>
<kw name="Wait For Elements State" owner="Browser">
<msg time="2025-07-11T16:40:31.536617" level="TRACE">Arguments: [ 'css=.btn-logout' | &lt;ElementState.visible: 4&gt; | timeout=datetime.timedelta(seconds=2) ]</msg>
<msg time="2025-07-11T16:40:31.548666" level="INFO">Waited for Element with selector css=.btn-logout at state visible</msg>
<msg time="2025-07-11T16:40:31.548934" level="TRACE">Return: None</msg>
<arg>css=.btn-logout</arg>
<arg>visible</arg>
<arg>timeout=2</arg>
<tag>PageContent</tag>
<tag>Wait</tag>
<doc>Waits for the element found by ``selector`` to satisfy state option.</doc>
<status status="PASS" start="2025-07-11T16:40:31.535547" elapsed="0.013531"/>
</kw>
<msg time="2025-07-11T16:40:31.549306" level="TRACE">Return: True</msg>
<msg time="2025-07-11T16:40:31.549480" level="INFO">${logout_visible} = True</msg>
<var>${logout_visible}</var>
<arg>Wait For Elements State</arg>
<arg>css=.btn-logout</arg>
<arg>visible</arg>
<arg>timeout=2</arg>
<doc>Runs the given keyword with given arguments and returns the status as a Boolean value.</doc>
<status status="PASS" start="2025-07-11T16:40:31.534580" elapsed="0.014953"/>
</kw>
<kw name="Run Keyword If" owner="BuiltIn">
<msg time="2025-07-11T16:40:31.550703" level="TRACE">Arguments: [ True | 'Click' | 'css=.btn-logout' ]</msg>
<kw name="Click" owner="Browser">
<msg time="2025-07-11T16:40:31.552358" level="TRACE">Arguments: [ 'css=.btn-logout' ]</msg>
<msg time="2025-07-11T16:40:31.552561" level="INFO">Clicks the element 'css=.btn-logout'.</msg>
<msg time="2025-07-11T16:40:31.553722" level="DEBUG">Click options are: {"button": "left", "clickCount": 1, "force": false, "noWaitAfter": false, "trial": false}</msg>
<msg time="2025-07-11T16:40:31.638220" level="DEBUG">Clicked element: 'css=.btn-logout' with options: '{"button": "left", "clickCount": 1, "force": false, "noWaitAfter": false, "trial": false}' successfully.</msg>
<msg time="2025-07-11T16:40:31.638437" level="TRACE">Return: None</msg>
<arg>css=.btn-logout</arg>
<tag>PageContent</tag>
<tag>Setter</tag>
<doc>Simulates mouse click on the element found by ``selector``.</doc>
<status status="PASS" start="2025-07-11T16:40:31.551124" elapsed="0.087424"/>
</kw>
<msg time="2025-07-11T16:40:31.638741" level="TRACE">Return: None</msg>
<arg>${logout_visible}</arg>
<arg>Click</arg>
<arg>css=.btn-logout</arg>
<doc>Runs the given keyword with the given arguments, if ``condition`` is true.</doc>
<status status="PASS" start="2025-07-11T16:40:31.549862" elapsed="0.088957"/>
</kw>
<kw name="Take Screenshot" owner="Browser">
<msg time="2025-07-11T16:40:31.641040" level="TRACE">Arguments: [ filename='auth_05_logout_inicial.png' ]</msg>
<msg time="2025-07-11T16:40:31.884878" level="DEBUG">Screenshot successfully captured to: C:\Users\thais\OneDrive\Documents\robotfrontend\logs\browser\screenshot\auth_05_logout_inicial.png.png</msg>
<msg time="2025-07-11T16:40:31.885459" level="INFO" html="true">&lt;/td&gt;&lt;/tr&gt;&lt;tr&gt;&lt;td colspan="3"&gt;&lt;a href="browser/screenshot/auth_05_logout_inicial.png.png" target="_blank"&gt;&lt;img src="browser/screenshot/auth_05_logout_inicial.png.png" width="800px"/&gt;&lt;/a&gt;</msg>
<msg time="2025-07-11T16:40:31.885680" level="TRACE">Return: 'C:\\Users\\thais\\OneDrive\\Documents\\robotfrontend\\logs\\browser\\screenshot\\auth_05_logout_inicial.png.png'</msg>
<arg>filename=auth_05_logout_inicial.png</arg>
<tag>PageContent</tag>
<doc>Takes a screenshot of the current window or element and saves it to disk.</doc>
<status status="PASS" start="2025-07-11T16:40:31.639244" elapsed="0.246535"/>
</kw>
<msg time="2025-07-11T16:40:31.885930" level="TRACE">Return: None</msg>
<doc>Verifica se o botão de logout está visível e, se sim, realiza logout</doc>
<status status="PASS" start="2025-07-11T16:40:31.533500" elapsed="0.352493"/>
</kw>
<kw name="Sleep" owner="BuiltIn">
<msg time="2025-07-11T16:40:31.888007" level="TRACE">Arguments: [ '2s' ]</msg>
<msg time="2025-07-11T16:40:33.888847" level="INFO">Slept 2 seconds.</msg>
<msg time="2025-07-11T16:40:33.889069" level="TRACE">Return: None</msg>
<arg>2s</arg>
<doc>Pauses the test executed for the given time.</doc>
<status status="PASS" start="2025-07-11T16:40:31.887393" elapsed="2.001822"/>
</kw>
<kw name="Preencher Credenciais Login" owner="AuthPage">
<msg time="2025-07-11T16:40:33.892528" level="TRACE">Arguments: [ ${email}='thais@yahoo.com' | ${password}='pwd123' ]</msg>
<kw name="Wait For Elements State" owner="Browser">
<msg time="2025-07-11T16:40:33.894953" level="TRACE">Arguments: [ 'id=email' | &lt;ElementState.visible: 4&gt; | timeout=datetime.timedelta(seconds=5) ]</msg>
<msg time="2025-07-11T16:40:33.907644" level="INFO">Waited for Element with selector id=email at state visible</msg>
<msg time="2025-07-11T16:40:33.907919" level="TRACE">Return: None</msg>
<arg>id=email</arg>
<arg>visible</arg>
<arg>timeout=5</arg>
<tag>PageContent</tag>
<tag>Wait</tag>
<doc>Waits for the element found by ``selector`` to satisfy state option.</doc>
<status status="PASS" start="2025-07-11T16:40:33.893193" elapsed="0.014890"/>
</kw>
<kw name="Fill Text" owner="Browser">
<msg time="2025-07-11T16:40:33.911271" level="TRACE">Arguments: [ 'id=email' | 'thais@yahoo.com' ]</msg>
<msg time="2025-07-11T16:40:33.911588" level="INFO">Fills the text 'thais@yahoo.com' in the given field.</msg>
<msg time="2025-07-11T16:40:33.939670" level="DEBUG">Fill text thais@yahoo.com on id=email with force: false</msg>
<msg time="2025-07-11T16:40:33.939937" level="TRACE">Return: None</msg>
<arg>id=email</arg>
<arg>${email}</arg>
<tag>PageContent</tag>
<tag>Setter</tag>
<doc>Clears and fills the given ``txt`` into the text field found by ``selector``.</doc>
<status status="PASS" start="2025-07-11T16:40:33.909352" elapsed="0.030708"/>
</kw>
<kw name="Fill Text" owner="Browser">
<msg time="2025-07-11T16:40:33.941811" level="TRACE">Arguments: [ 'id=password' | 'pwd123' ]</msg>
<msg time="2025-07-11T16:40:33.942041" level="INFO">Fills the text 'pwd123' in the given field.</msg>
<msg time="2025-07-11T16:40:33.973268" level="DEBUG">Fill text pwd123 on id=password with force: false</msg>
<msg time="2025-07-11T16:40:33.973530" level="TRACE">Return: None</msg>
<arg>id=password</arg>
<arg>${password}</arg>
<tag>PageContent</tag>
<tag>Setter</tag>
<doc>Clears and fills the given ``txt`` into the text field found by ``selector``.</doc>
<status status="PASS" start="2025-07-11T16:40:33.940479" elapsed="0.033221"/>
</kw>
<kw name="Take Screenshot" owner="Browser">
<msg time="2025-07-11T16:40:33.975432" level="TRACE">Arguments: [ filename='auth_03_credenciais_login.png' ]</msg>
<msg time="2025-07-11T16:40:34.218267" level="DEBUG">Screenshot successfully captured to: C:\Users\thais\OneDrive\Documents\robotfrontend\logs\browser\screenshot\auth_03_credenciais_login.png.png</msg>
<msg time="2025-07-11T16:40:34.218832" level="INFO" html="true">&lt;/td&gt;&lt;/tr&gt;&lt;tr&gt;&lt;td colspan="3"&gt;&lt;a href="browser/screenshot/auth_03_credenciais_login.png.png" target="_blank"&gt;&lt;img src="browser/screenshot/auth_03_credenciais_login.png.png" width="800px"/&gt;&lt;/a&gt;</msg>
<msg time="2025-07-11T16:40:34.219045" level="TRACE">Return: 'C:\\Users\\thais\\OneDrive\\Documents\\robotfrontend\\logs\\browser\\screenshot\\auth_03_credenciais_login.png.png'</msg>
<arg>filename=auth_03_credenciais_login.png</arg>
<tag>PageContent</tag>
<doc>Takes a screenshot of the current window or element and saves it to disk.</doc>
<status status="PASS" start="2025-07-11T16:40:33.974083" elapsed="0.245050"/>
</kw>
<msg time="2025-07-11T16:40:34.219272" level="TRACE">Return: None</msg>
<arg>${EMAIL}</arg>
<arg>${SENHA}</arg>
<doc>Preenche as credenciais no formulário de login</doc>
<status status="PASS" start="2025-07-11T16:40:33.890753" elapsed="0.328593"/>
</kw>
<kw name="Submeter Login" owner="AuthPage">
<msg time="2025-07-11T16:40:34.220552" level="TRACE">Arguments: [  ]</msg>
<kw name="Click" owner="Browser">
<msg time="2025-07-11T16:40:34.221406" level="TRACE">Arguments: [ 'css=.btn-primary.login-btn' ]</msg>
<msg time="2025-07-11T16:40:34.221528" level="INFO">Clicks the element 'css=.btn-primary.login-btn'.</msg>
<msg time="2025-07-11T16:40:34.222135" level="DEBUG">Click options are: {"button": "left", "clickCount": 1, "force": false, "noWaitAfter": false, "trial": false}</msg>
<msg time="2025-07-11T16:40:34.279129" level="DEBUG">Clicked element: 'css=.btn-primary.login-btn' with options: '{"button": "left", "clickCount": 1, "force": false, "noWaitAfter": false, "trial": false}' successfully.</msg>
<msg time="2025-07-11T16:40:34.279373" level="TRACE">Return: None</msg>
<arg>css=.btn-primary.login-btn</arg>
<tag>PageContent</tag>
<tag>Setter</tag>
<doc>Simulates mouse click on the element found by ``selector``.</doc>
<status status="PASS" start="2025-07-11T16:40:34.220730" elapsed="0.058775"/>
</kw>
<kw name="Wait For Elements State" owner="Browser">
<msg time="2025-07-11T16:40:34.281650" level="TRACE">Arguments: [ 'css=.alert-content &gt;&gt; text=Login realizado com sucesso!' | &lt;ElementState.visible: 4&gt; | timeout=datetime.timedelta(seconds=5) ]</msg>
<msg time="2025-07-11T16:40:34.517081" level="INFO">Waited for Element with selector css=.alert-content &gt;&gt; text=Login realizado com sucesso! at state visible</msg>
<msg time="2025-07-11T16:40:34.517332" level="TRACE">Return: None</msg>
<arg>css=.alert-content &gt;&gt; text=Login realizado com sucesso!</arg>
<arg>visible</arg>
<arg>timeout=5</arg>
<tag>PageContent</tag>
<tag>Wait</tag>
<doc>Waits for the element found by ``selector`` to satisfy state option.</doc>
<status status="PASS" start="2025-07-11T16:40:34.279869" elapsed="0.237577"/>
</kw>
<kw name="Take Screenshot" owner="Browser">
<msg time="2025-07-11T16:40:34.518999" level="TRACE">Arguments: [ filename='auth_04_login_sucesso.png' ]</msg>
<msg time="2025-07-11T16:40:34.859686" level="DEBUG">Screenshot successfully captured to: C:\Users\thais\OneDrive\Documents\robotfrontend\logs\browser\screenshot\auth_04_login_sucesso.png.png</msg>
<msg time="2025-07-11T16:40:34.860150" level="INFO" html="true">&lt;/td&gt;&lt;/tr&gt;&lt;tr&gt;&lt;td colspan="3"&gt;&lt;a href="browser/screenshot/auth_04_login_sucesso.png.png" target="_blank"&gt;&lt;img src="browser/screenshot/auth_04_login_sucesso.png.png" width="800px"/&gt;&lt;/a&gt;</msg>
<msg time="2025-07-11T16:40:34.860390" level="TRACE">Return: 'C:\\Users\\thais\\OneDrive\\Documents\\robotfrontend\\logs\\browser\\screenshot\\auth_04_login_sucesso.png.png'</msg>
<arg>filename=auth_04_login_sucesso.png</arg>
<tag>PageContent</tag>
<doc>Takes a screenshot of the current window or element and saves it to disk.</doc>
<status status="PASS" start="2025-07-11T16:40:34.517784" elapsed="0.342730"/>
</kw>
<msg time="2025-07-11T16:40:34.860676" level="TRACE">Return: None</msg>
<doc>Submete o login esperando sucesso (casos positivos)</doc>
<status status="PASS" start="2025-07-11T16:40:34.219949" elapsed="0.640806"/>
</kw>
<kw name="Wait For Elements State" owner="Browser">
<msg time="2025-07-11T16:40:34.863525" level="TRACE">Arguments: [ 'css=.alert-content' | &lt;ElementState.visible: 4&gt; | timeout=datetime.timedelta(seconds=5) ]</msg>
<msg time="2025-07-11T16:40:34.904296" level="DEBUG">Suppress error: Error: locator.waitFor: Error: strict mode violation: locator('.alert-content') resolved to 2 elements:
    1) &lt;div class="alert-content"&gt;Conta criada com sucesso!&lt;/div&gt; aka getByText('Conta criada com sucesso!')
    2) &lt;div class="alert-content"&gt;Login realizado com sucesso!&lt;/div&gt; aka getByText('Login realizado com sucesso!')

Call log:
[2m  - waiting for locator('.alert-content') to be visible[22m
</msg>
<msg time="2025-07-11T16:40:34.919426" level="DEBUG">Suppress error: Error: locator.waitFor: Error: strict mode violation: locator('.alert-content') resolved to 2 elements:
    1) &lt;div class="alert-content"&gt;Conta criada com sucesso!&lt;/div&gt; aka getByText('Conta criada com sucesso!')
    2) &lt;div class="alert-content"&gt;Login realizado com sucesso!&lt;/div&gt; aka getByText('Login realizado com sucesso!')

Call log:
[2m  - waiting for locator('.alert-content') to be visible[22m
</msg>
<msg time="2025-07-11T16:40:34.933064" level="DEBUG">Suppress error: Error: locator.waitFor: Error: strict mode violation: locator('.alert-content') resolved to 2 elements:
    1) &lt;div class="alert-content"&gt;Conta criada com sucesso!&lt;/div&gt; aka getByText('Conta criada com sucesso!')
    2) &lt;div class="alert-content"&gt;Login realizado com sucesso!&lt;/div&gt; aka getByText('Login realizado com sucesso!')

Call log:
[2m  - waiting for locator('.alert-content') to be visible[22m
</msg>
<msg time="2025-07-11T16:40:34.947064" level="DEBUG">Suppress error: Error: locator.waitFor: Error: strict mode violation: locator('.alert-content') resolved to 2 elements:
    1) &lt;div class="alert-content"&gt;Conta criada com sucesso!&lt;/div&gt; aka getByText('Conta criada com sucesso!')
    2) &lt;div class="alert-content"&gt;Login realizado com sucesso!&lt;/div&gt; aka getByText('Login realizado com sucesso!')

Call log:
[2m  - waiting for locator('.alert-content') to be visible[22m
</msg>
<msg time="2025-07-11T16:40:34.960139" level="DEBUG">Suppress error: Error: locator.waitFor: Error: strict mode violation: locator('.alert-content') resolved to 2 elements:
    1) &lt;div class="alert-content"&gt;Conta criada com sucesso!&lt;/div&gt; aka getByText('Conta criada com sucesso!')
    2) &lt;div class="alert-content"&gt;Login realizado com sucesso!&lt;/div&gt; aka getByText('Login realizado com sucesso!')

Call log:
[2m  - waiting for locator('.alert-content') to be visible[22m
</msg>
<msg time="2025-07-11T16:40:34.972258" level="DEBUG">Suppress error: Error: locator.waitFor: Error: strict mode violation: locator('.alert-content') resolved to 2 elements:
    1) &lt;div class="alert-content"&gt;Conta criada com sucesso!&lt;/div&gt; aka getByText('Conta criada com sucesso!')
    2) &lt;div class="alert-content"&gt;Login realizado com sucesso!&lt;/div&gt; aka getByText('Login realizado com sucesso!')

Call log:
[2m  - waiting for locator('.alert-content') to be visible[22m
</msg>
<msg time="2025-07-11T16:40:34.982894" level="DEBUG">Suppress error: Error: locator.waitFor: Error: strict mode violation: locator('.alert-content') resolved to 2 elements:
    1) &lt;div class="alert-content"&gt;Conta criada com sucesso!&lt;/div&gt; aka getByText('Conta criada com sucesso!')
    2) &lt;div class="alert-content"&gt;Login realizado com sucesso!&lt;/div&gt; aka getByText('Login realizado com sucesso!')

Call log:
[2m  - waiting for locator('.alert-content') to be visible[22m
</msg>
<msg time="2025-07-11T16:40:34.992418" level="DEBUG">Suppress error: Error: locator.waitFor: Error: strict mode violation: locator('.alert-content') resolved to 2 elements:
    1) &lt;div class="alert-content"&gt;Conta criada com sucesso!&lt;/div&gt; aka getByText('Conta criada com sucesso!')
    2) &lt;div class="alert-content"&gt;Login realizado com sucesso!&lt;/div&gt; aka getByText('Login realizado com sucesso!')

Call log:
[2m  - waiting for locator('.alert-content') to be visible[22m
</msg>
<msg time="2025-07-11T16:40:35.002081" level="DEBUG">Suppress error: Error: locator.waitFor: Error: strict mode violation: locator('.alert-content') resolved to 2 elements:
    1) &lt;div class="alert-content"&gt;Conta criada com sucesso!&lt;/div&gt; aka getByText('Conta criada com sucesso!')
    2) &lt;div class="alert-content"&gt;Login realizado com sucesso!&lt;/div&gt; aka getByText('Login realizado com sucesso!')

Call log:
[2m  - waiting for locator('.alert-content') to be visible[22m
</msg>
<msg time="2025-07-11T16:40:35.012322" level="DEBUG">Suppress error: Error: locator.waitFor: Error: strict mode violation: locator('.alert-content') resolved to 2 elements:
    1) &lt;div class="alert-content"&gt;Conta criada com sucesso!&lt;/div&gt; aka getByText('Conta criada com sucesso!')
    2) &lt;div class="alert-content"&gt;Login realizado com sucesso!&lt;/div&gt; aka getByText('Login realizado com sucesso!')

Call log:
[2m  - waiting for locator('.alert-content') to be visible[22m
</msg>
<msg time="2025-07-11T16:40:35.025673" level="DEBUG">Suppress error: Error: locator.waitFor: Error: strict mode violation: locator('.alert-content') resolved to 2 elements:
    1) &lt;div class="alert-content"&gt;Conta criada com sucesso!&lt;/div&gt; aka getByText('Conta criada com sucesso!')
    2) &lt;div class="alert-content"&gt;Login realizado com sucesso!&lt;/div&gt; aka getByText('Login realizado com sucesso!')

Call log:
[2m  - waiting for locator('.alert-content') to be visible[22m
</msg>
<msg time="2025-07-11T16:40:35.032315" level="DEBUG">Suppress error: Error: locator.waitFor: Error: strict mode violation: locator('.alert-content') resolved to 2 elements:
    1) &lt;div class="alert-content"&gt;Conta criada com sucesso!&lt;/div&gt; aka getByText('Conta criada com sucesso!')
    2) &lt;div class="alert-content"&gt;Login realizado com sucesso!&lt;/div&gt; aka getByText('Login realizado com sucesso!')

Call log:
[2m  - waiting for locator('.alert-content') to be visible[22m
</msg>
<msg time="2025-07-11T16:40:35.048096" level="DEBUG">Suppress error: Error: locator.waitFor: Error: strict mode violation: locator('.alert-content') resolved to 2 elements:
    1) &lt;div class="alert-content"&gt;Conta criada com sucesso!&lt;/div&gt; aka getByText('Conta criada com sucesso!')
    2) &lt;div class="alert-content"&gt;Login realizado com sucesso!&lt;/div&gt; aka getByText('Login realizado com sucesso!')

Call log:
[2m  - waiting for locator('.alert-content') to be visible[22m
</msg>
<msg time="2025-07-11T16:40:35.060317" level="DEBUG">Suppress error: Error: locator.waitFor: Error: strict mode violation: locator('.alert-content') resolved to 2 elements:
    1) &lt;div class="alert-content"&gt;Conta criada com sucesso!&lt;/div&gt; aka getByText('Conta criada com sucesso!')
    2) &lt;div class="alert-content"&gt;Login realizado com sucesso!&lt;/div&gt; aka getByText('Login realizado com sucesso!')

Call log:
[2m  - waiting for locator('.alert-content') to be visible[22m
</msg>
<msg time="2025-07-11T16:40:35.069724" level="DEBUG">Suppress error: Error: locator.waitFor: Error: strict mode violation: locator('.alert-content') resolved to 2 elements:
    1) &lt;div class="alert-content"&gt;Conta criada com sucesso!&lt;/div&gt; aka getByText('Conta criada com sucesso!')
    2) &lt;div class="alert-content"&gt;Login realizado com sucesso!&lt;/div&gt; aka getByText('Login realizado com sucesso!')

Call log:
[2m  - waiting for locator('.alert-content') to be visible[22m
</msg>
<msg time="2025-07-11T16:40:35.080977" level="DEBUG">Suppress error: Error: locator.waitFor: Error: strict mode violation: locator('.alert-content') resolved to 2 elements:
    1) &lt;div class="alert-content"&gt;Conta criada com sucesso!&lt;/div&gt; aka getByText('Conta criada com sucesso!')
    2) &lt;div class="alert-content"&gt;Login realizado com sucesso!&lt;/div&gt; aka getByText('Login realizado com sucesso!')

Call log:
[2m  - waiting for locator('.alert-content') to be visible[22m
</msg>
<msg time="2025-07-11T16:40:35.091232" level="DEBUG">Suppress error: Error: locator.waitFor: Error: strict mode violation: locator('.alert-content') resolved to 2 elements:
    1) &lt;div class="alert-content"&gt;Conta criada com sucesso!&lt;/div&gt; aka getByText('Conta criada com sucesso!')
    2) &lt;div class="alert-content"&gt;Login realizado com sucesso!&lt;/div&gt; aka getByText('Login realizado com sucesso!')

Call log:
[2m  - waiting for locator('.alert-content') to be visible[22m
</msg>
<msg time="2025-07-11T16:40:35.099543" level="DEBUG">Suppress error: Error: locator.waitFor: Error: strict mode violation: locator('.alert-content') resolved to 2 elements:
    1) &lt;div class="alert-content"&gt;Conta criada com sucesso!&lt;/div&gt; aka getByText('Conta criada com sucesso!')
    2) &lt;div class="alert-content"&gt;Login realizado com sucesso!&lt;/div&gt; aka getByText('Login realizado com sucesso!')

Call log:
[2m  - waiting for locator('.alert-content') to be visible[22m
</msg>
<msg time="2025-07-11T16:40:35.106818" level="DEBUG">Suppress error: Error: locator.waitFor: Error: strict mode violation: locator('.alert-content') resolved to 2 elements:
    1) &lt;div class="alert-content"&gt;Conta criada com sucesso!&lt;/div&gt; aka getByText('Conta criada com sucesso!')
    2) &lt;div class="alert-content"&gt;Login realizado com sucesso!&lt;/div&gt; aka getByText('Login realizado com sucesso!')

Call log:
[2m  - waiting for locator('.alert-content') to be visible[22m
</msg>
<msg time="2025-07-11T16:40:35.118225" level="DEBUG">Suppress error: Error: locator.waitFor: Error: strict mode violation: locator('.alert-content') resolved to 2 elements:
    1) &lt;div class="alert-content"&gt;Conta criada com sucesso!&lt;/div&gt; aka getByText('Conta criada com sucesso!')
    2) &lt;div class="alert-content"&gt;Login realizado com sucesso!&lt;/div&gt; aka getByText('Login realizado com sucesso!')

Call log:
[2m  - waiting for locator('.alert-content') to be visible[22m
</msg>
<msg time="2025-07-11T16:40:35.126392" level="DEBUG">Suppress error: Error: locator.waitFor: Error: strict mode violation: locator('.alert-content') resolved to 2 elements:
    1) &lt;div class="alert-content"&gt;Conta criada com sucesso!&lt;/div&gt; aka getByText('Conta criada com sucesso!')
    2) &lt;div class="alert-content"&gt;Login realizado com sucesso!&lt;/div&gt; aka getByText('Login realizado com sucesso!')

Call log:
[2m  - waiting for locator('.alert-content') to be visible[22m
</msg>
<msg time="2025-07-11T16:40:35.134147" level="DEBUG">Suppress error: Error: locator.waitFor: Error: strict mode violation: locator('.alert-content') resolved to 2 elements:
    1) &lt;div class="alert-content"&gt;Conta criada com sucesso!&lt;/div&gt; aka getByText('Conta criada com sucesso!')
    2) &lt;div class="alert-content"&gt;Login realizado com sucesso!&lt;/div&gt; aka getByText('Login realizado com sucesso!')

Call log:
[2m  - waiting for locator('.alert-content') to be visible[22m
</msg>
<msg time="2025-07-11T16:40:35.142351" level="DEBUG">Suppress error: Error: locator.waitFor: Error: strict mode violation: locator('.alert-content') resolved to 2 elements:
    1) &lt;div class="alert-content"&gt;Conta criada com sucesso!&lt;/div&gt; aka getByText('Conta criada com sucesso!')
    2) &lt;div class="alert-content"&gt;Login realizado com sucesso!&lt;/div&gt; aka getByText('Login realizado com sucesso!')

Call log:
[2m  - waiting for locator('.alert-content') to be visible[22m
</msg>
<msg time="2025-07-11T16:40:35.149565" level="DEBUG">Suppress error: Error: locator.waitFor: Error: strict mode violation: locator('.alert-content') resolved to 2 elements:
    1) &lt;div class="alert-content"&gt;Conta criada com sucesso!&lt;/div&gt; aka getByText('Conta criada com sucesso!')
    2) &lt;div class="alert-content"&gt;Login realizado com sucesso!&lt;/div&gt; aka getByText('Login realizado com sucesso!')

Call log:
[2m  - waiting for locator('.alert-content') to be visible[22m
</msg>
<msg time="2025-07-11T16:40:35.157492" level="DEBUG">Suppress error: Error: locator.waitFor: Error: strict mode violation: locator('.alert-content') resolved to 2 elements:
    1) &lt;div class="alert-content"&gt;Conta criada com sucesso!&lt;/div&gt; aka getByText('Conta criada com sucesso!')
    2) &lt;div class="alert-content"&gt;Login realizado com sucesso!&lt;/div&gt; aka getByText('Login realizado com sucesso!')

Call log:
[2m  - waiting for locator('.alert-content') to be visible[22m
</msg>
<msg time="2025-07-11T16:40:35.165588" level="DEBUG">Suppress error: Error: locator.waitFor: Error: strict mode violation: locator('.alert-content') resolved to 2 elements:
    1) &lt;div class="alert-content"&gt;Conta criada com sucesso!&lt;/div&gt; aka getByText('Conta criada com sucesso!')
    2) &lt;div class="alert-content"&gt;Login realizado com sucesso!&lt;/div&gt; aka getByText('Login realizado com sucesso!')

Call log:
[2m  - waiting for locator('.alert-content') to be visible[22m
</msg>
<msg time="2025-07-11T16:40:35.172446" level="DEBUG">Suppress error: Error: locator.waitFor: Error: strict mode violation: locator('.alert-content') resolved to 2 elements:
    1) &lt;div class="alert-content"&gt;Conta criada com sucesso!&lt;/div&gt; aka getByText('Conta criada com sucesso!')
    2) &lt;div class="alert-content"&gt;Login realizado com sucesso!&lt;/div&gt; aka getByText('Login realizado com sucesso!')

Call log:
[2m  - waiting for locator('.alert-content') to be visible[22m
</msg>
<msg time="2025-07-11T16:40:35.187550" level="DEBUG">Suppress error: Error: locator.waitFor: Error: strict mode violation: locator('.alert-content') resolved to 2 elements:
    1) &lt;div class="alert-content"&gt;Conta criada com sucesso!&lt;/div&gt; aka getByText('Conta criada com sucesso!')
    2) &lt;div class="alert-content"&gt;Login realizado com sucesso!&lt;/div&gt; aka getByText('Login realizado com sucesso!')

Call log:
[2m  - waiting for locator('.alert-content') to be visible[22m
</msg>
<msg time="2025-07-11T16:40:35.196292" level="DEBUG">Suppress error: Error: locator.waitFor: Error: strict mode violation: locator('.alert-content') resolved to 2 elements:
    1) &lt;div class="alert-content"&gt;Conta criada com sucesso!&lt;/div&gt; aka getByText('Conta criada com sucesso!')
    2) &lt;div class="alert-content"&gt;Login realizado com sucesso!&lt;/div&gt; aka getByText('Login realizado com sucesso!')

Call log:
[2m  - waiting for locator('.alert-content') to be visible[22m
</msg>
<msg time="2025-07-11T16:40:35.202971" level="DEBUG">Suppress error: Error: locator.waitFor: Error: strict mode violation: locator('.alert-content') resolved to 2 elements:
    1) &lt;div class="alert-content"&gt;Conta criada com sucesso!&lt;/div&gt; aka getByText('Conta criada com sucesso!')
    2) &lt;div class="alert-content"&gt;Login realizado com sucesso!&lt;/div&gt; aka getByText('Login realizado com sucesso!')

Call log:
[2m  - waiting for locator('.alert-content') to be visible[22m
</msg>
<msg time="2025-07-11T16:40:35.211199" level="DEBUG">Suppress error: Error: locator.waitFor: Error: strict mode violation: locator('.alert-content') resolved to 2 elements:
    1) &lt;div class="alert-content"&gt;Conta criada com sucesso!&lt;/div&gt; aka getByText('Conta criada com sucesso!')
    2) &lt;div class="alert-content"&gt;Login realizado com sucesso!&lt;/div&gt; aka getByText('Login realizado com sucesso!')

Call log:
[2m  - waiting for locator('.alert-content') to be visible[22m
</msg>
<msg time="2025-07-11T16:40:35.219215" level="DEBUG">Suppress error: Error: locator.waitFor: Error: strict mode violation: locator('.alert-content') resolved to 2 elements:
    1) &lt;div class="alert-content"&gt;Conta criada com sucesso!&lt;/div&gt; aka getByText('Conta criada com sucesso!')
    2) &lt;div class="alert-content"&gt;Login realizado com sucesso!&lt;/div&gt; aka getByText('Login realizado com sucesso!')

Call log:
[2m  - waiting for locator('.alert-content') to be visible[22m
</msg>
<msg time="2025-07-11T16:40:35.227339" level="DEBUG">Suppress error: Error: locator.waitFor: Error: strict mode violation: locator('.alert-content') resolved to 2 elements:
    1) &lt;div class="alert-content"&gt;Conta criada com sucesso!&lt;/div&gt; aka getByText('Conta criada com sucesso!')
    2) &lt;div class="alert-content"&gt;Login realizado com sucesso!&lt;/div&gt; aka getByText('Login realizado com sucesso!')

Call log:
[2m  - waiting for locator('.alert-content') to be visible[22m
</msg>
<msg time="2025-07-11T16:40:35.233995" level="DEBUG">Suppress error: Error: locator.waitFor: Error: strict mode violation: locator('.alert-content') resolved to 2 elements:
    1) &lt;div class="alert-content"&gt;Conta criada com sucesso!&lt;/div&gt; aka getByText('Conta criada com sucesso!')
    2) &lt;div class="alert-content"&gt;Login realizado com sucesso!&lt;/div&gt; aka getByText('Login realizado com sucesso!')

Call log:
[2m  - waiting for locator('.alert-content') to be visible[22m
</msg>
<msg time="2025-07-11T16:40:35.241906" level="DEBUG">Suppress error: Error: locator.waitFor: Error: strict mode violation: locator('.alert-content') resolved to 2 elements:
    1) &lt;div class="alert-content"&gt;Conta criada com sucesso!&lt;/div&gt; aka getByText('Conta criada com sucesso!')
    2) &lt;div class="alert-content"&gt;Login realizado com sucesso!&lt;/div&gt; aka getByText('Login realizado com sucesso!')

Call log:
[2m  - waiting for locator('.alert-content') to be visible[22m
</msg>
<msg time="2025-07-11T16:40:35.250330" level="DEBUG">Suppress error: Error: locator.waitFor: Error: strict mode violation: locator('.alert-content') resolved to 2 elements:
    1) &lt;div class="alert-content"&gt;Conta criada com sucesso!&lt;/div&gt; aka getByText('Conta criada com sucesso!')
    2) &lt;div class="alert-content"&gt;Login realizado com sucesso!&lt;/div&gt; aka getByText('Login realizado com sucesso!')

Call log:
[2m  - waiting for locator('.alert-content') to be visible[22m
</msg>
<msg time="2025-07-11T16:40:35.260416" level="DEBUG">Suppress error: Error: locator.waitFor: Error: strict mode violation: locator('.alert-content') resolved to 2 elements:
    1) &lt;div class="alert-content"&gt;Conta criada com sucesso!&lt;/div&gt; aka getByText('Conta criada com sucesso!')
    2) &lt;div class="alert-content"&gt;Login realizado com sucesso!&lt;/div&gt; aka getByText('Login realizado com sucesso!')

Call log:
[2m  - waiting for locator('.alert-content') to be visible[22m
</msg>
<msg time="2025-07-11T16:40:35.269783" level="DEBUG">Suppress error: Error: locator.waitFor: Error: strict mode violation: locator('.alert-content') resolved to 2 elements:
    1) &lt;div class="alert-content"&gt;Conta criada com sucesso!&lt;/div&gt; aka getByText('Conta criada com sucesso!')
    2) &lt;div class="alert-content"&gt;Login realizado com sucesso!&lt;/div&gt; aka getByText('Login realizado com sucesso!')

Call log:
[2m  - waiting for locator('.alert-content') to be visible[22m
</msg>
<msg time="2025-07-11T16:40:35.278378" level="DEBUG">Suppress error: Error: locator.waitFor: Error: strict mode violation: locator('.alert-content') resolved to 2 elements:
    1) &lt;div class="alert-content"&gt;Conta criada com sucesso!&lt;/div&gt; aka getByText('Conta criada com sucesso!')
    2) &lt;div class="alert-content"&gt;Login realizado com sucesso!&lt;/div&gt; aka getByText('Login realizado com sucesso!')

Call log:
[2m  - waiting for locator('.alert-content') to be visible[22m
</msg>
<msg time="2025-07-11T16:40:35.288526" level="DEBUG">Suppress error: Error: locator.waitFor: Error: strict mode violation: locator('.alert-content') resolved to 2 elements:
    1) &lt;div class="alert-content"&gt;Conta criada com sucesso!&lt;/div&gt; aka getByText('Conta criada com sucesso!')
    2) &lt;div class="alert-content"&gt;Login realizado com sucesso!&lt;/div&gt; aka getByText('Login realizado com sucesso!')

Call log:
[2m  - waiting for locator('.alert-content') to be visible[22m
</msg>
<msg time="2025-07-11T16:40:35.295831" level="DEBUG">Suppress error: Error: locator.waitFor: Error: strict mode violation: locator('.alert-content') resolved to 2 elements:
    1) &lt;div class="alert-content"&gt;Conta criada com sucesso!&lt;/div&gt; aka getByText('Conta criada com sucesso!')
    2) &lt;div class="alert-content"&gt;Login realizado com sucesso!&lt;/div&gt; aka getByText('Login realizado com sucesso!')

Call log:
[2m  - waiting for locator('.alert-content') to be visible[22m
</msg>
<msg time="2025-07-11T16:40:35.303159" level="DEBUG">Suppress error: Error: locator.waitFor: Error: strict mode violation: locator('.alert-content') resolved to 2 elements:
    1) &lt;div class="alert-content"&gt;Conta criada com sucesso!&lt;/div&gt; aka getByText('Conta criada com sucesso!')
    2) &lt;div class="alert-content"&gt;Login realizado com sucesso!&lt;/div&gt; aka getByText('Login realizado com sucesso!')

Call log:
[2m  - waiting for locator('.alert-content') to be visible[22m
</msg>
<msg time="2025-07-11T16:40:35.309676" level="DEBUG">Suppress error: Error: locator.waitFor: Error: strict mode violation: locator('.alert-content') resolved to 2 elements:
    1) &lt;div class="alert-content"&gt;Conta criada com sucesso!&lt;/div&gt; aka getByText('Conta criada com sucesso!')
    2) &lt;div class="alert-content"&gt;Login realizado com sucesso!&lt;/div&gt; aka getByText('Login realizado com sucesso!')

Call log:
[2m  - waiting for locator('.alert-content') to be visible[22m
</msg>
<msg time="2025-07-11T16:40:35.316080" level="DEBUG">Suppress error: Error: locator.waitFor: Error: strict mode violation: locator('.alert-content') resolved to 2 elements:
    1) &lt;div class="alert-content"&gt;Conta criada com sucesso!&lt;/div&gt; aka getByText('Conta criada com sucesso!')
    2) &lt;div class="alert-content"&gt;Login realizado com sucesso!&lt;/div&gt; aka getByText('Login realizado com sucesso!')

Call log:
[2m  - waiting for locator('.alert-content') to be visible[22m
</msg>
<msg time="2025-07-11T16:40:35.322960" level="DEBUG">Suppress error: Error: locator.waitFor: Error: strict mode violation: locator('.alert-content') resolved to 2 elements:
    1) &lt;div class="alert-content"&gt;Conta criada com sucesso!&lt;/div&gt; aka getByText('Conta criada com sucesso!')
    2) &lt;div class="alert-content"&gt;Login realizado com sucesso!&lt;/div&gt; aka getByText('Login realizado com sucesso!')

Call log:
[2m  - waiting for locator('.alert-content') to be visible[22m
</msg>
<msg time="2025-07-11T16:40:35.329496" level="DEBUG">Suppress error: Error: locator.waitFor: Error: strict mode violation: locator('.alert-content') resolved to 2 elements:
    1) &lt;div class="alert-content"&gt;Conta criada com sucesso!&lt;/div&gt; aka getByText('Conta criada com sucesso!')
    2) &lt;div class="alert-content"&gt;Login realizado com sucesso!&lt;/div&gt; aka getByText('Login realizado com sucesso!')

Call log:
[2m  - waiting for locator('.alert-content') to be visible[22m
</msg>
<msg time="2025-07-11T16:40:35.335978" level="DEBUG">Suppress error: Error: locator.waitFor: Error: strict mode violation: locator('.alert-content') resolved to 2 elements:
    1) &lt;div class="alert-content"&gt;Conta criada com sucesso!&lt;/div&gt; aka getByText('Conta criada com sucesso!')
    2) &lt;div class="alert-content"&gt;Login realizado com sucesso!&lt;/div&gt; aka getByText('Login realizado com sucesso!')

Call log:
[2m  - waiting for locator('.alert-content') to be visible[22m
</msg>
<msg time="2025-07-11T16:40:35.344933" level="DEBUG">Suppress error: Error: locator.waitFor: Error: strict mode violation: locator('.alert-content') resolved to 2 elements:
    1) &lt;div class="alert-content"&gt;Conta criada com sucesso!&lt;/div&gt; aka getByText('Conta criada com sucesso!')
    2) &lt;div class="alert-content"&gt;Login realizado com sucesso!&lt;/div&gt; aka getByText('Login realizado com sucesso!')

Call log:
[2m  - waiting for locator('.alert-content') to be visible[22m
</msg>
<msg time="2025-07-11T16:40:35.351719" level="DEBUG">Suppress error: Error: locator.waitFor: Error: strict mode violation: locator('.alert-content') resolved to 2 elements:
    1) &lt;div class="alert-content"&gt;Conta criada com sucesso!&lt;/div&gt; aka getByText('Conta criada com sucesso!')
    2) &lt;div class="alert-content"&gt;Login realizado com sucesso!&lt;/div&gt; aka getByText('Login realizado com sucesso!')

Call log:
[2m  - waiting for locator('.alert-content') to be visible[22m
</msg>
<msg time="2025-07-11T16:40:35.358717" level="DEBUG">Suppress error: Error: locator.waitFor: Error: strict mode violation: locator('.alert-content') resolved to 2 elements:
    1) &lt;div class="alert-content"&gt;Conta criada com sucesso!&lt;/div&gt; aka getByText('Conta criada com sucesso!')
    2) &lt;div class="alert-content"&gt;Login realizado com sucesso!&lt;/div&gt; aka getByText('Login realizado com sucesso!')

Call log:
[2m  - waiting for locator('.alert-content') to be visible[22m
</msg>
<msg time="2025-07-11T16:40:35.369077" level="DEBUG">Suppress error: Error: locator.waitFor: Error: strict mode violation: locator('.alert-content') resolved to 2 elements:
    1) &lt;div class="alert-content"&gt;Conta criada com sucesso!&lt;/div&gt; aka getByText('Conta criada com sucesso!')
    2) &lt;div class="alert-content"&gt;Login realizado com sucesso!&lt;/div&gt; aka getByText('Login realizado com sucesso!')

Call log:
[2m  - waiting for locator('.alert-content') to be visible[22m
</msg>
<msg time="2025-07-11T16:40:35.376191" level="DEBUG">Suppress error: Error: locator.waitFor: Error: strict mode violation: locator('.alert-content') resolved to 2 elements:
    1) &lt;div class="alert-content"&gt;Conta criada com sucesso!&lt;/div&gt; aka getByText('Conta criada com sucesso!')
    2) &lt;div class="alert-content"&gt;Login realizado com sucesso!&lt;/div&gt; aka getByText('Login realizado com sucesso!')

Call log:
[2m  - waiting for locator('.alert-content') to be visible[22m
</msg>
<msg time="2025-07-11T16:40:35.382987" level="DEBUG">Suppress error: Error: locator.waitFor: Error: strict mode violation: locator('.alert-content') resolved to 2 elements:
    1) &lt;div class="alert-content"&gt;Conta criada com sucesso!&lt;/div&gt; aka getByText('Conta criada com sucesso!')
    2) &lt;div class="alert-content"&gt;Login realizado com sucesso!&lt;/div&gt; aka getByText('Login realizado com sucesso!')

Call log:
[2m  - waiting for locator('.alert-content') to be visible[22m
</msg>
<msg time="2025-07-11T16:40:35.389528" level="DEBUG">Suppress error: Error: locator.waitFor: Error: strict mode violation: locator('.alert-content') resolved to 2 elements:
    1) &lt;div class="alert-content"&gt;Conta criada com sucesso!&lt;/div&gt; aka getByText('Conta criada com sucesso!')
    2) &lt;div class="alert-content"&gt;Login realizado com sucesso!&lt;/div&gt; aka getByText('Login realizado com sucesso!')

Call log:
[2m  - waiting for locator('.alert-content') to be visible[22m
</msg>
<msg time="2025-07-11T16:40:35.396893" level="DEBUG">Suppress error: Error: locator.waitFor: Error: strict mode violation: locator('.alert-content') resolved to 2 elements:
    1) &lt;div class="alert-content"&gt;Conta criada com sucesso!&lt;/div&gt; aka getByText('Conta criada com sucesso!')
    2) &lt;div class="alert-content"&gt;Login realizado com sucesso!&lt;/div&gt; aka getByText('Login realizado com sucesso!')

Call log:
[2m  - waiting for locator('.alert-content') to be visible[22m
</msg>
<msg time="2025-07-11T16:40:35.403551" level="DEBUG">Suppress error: Error: locator.waitFor: Error: strict mode violation: locator('.alert-content') resolved to 2 elements:
    1) &lt;div class="alert-content"&gt;Conta criada com sucesso!&lt;/div&gt; aka getByText('Conta criada com sucesso!')
    2) &lt;div class="alert-content"&gt;Login realizado com sucesso!&lt;/div&gt; aka getByText('Login realizado com sucesso!')

Call log:
[2m  - waiting for locator('.alert-content') to be visible[22m
</msg>
<msg time="2025-07-11T16:40:35.411143" level="DEBUG">Suppress error: Error: locator.waitFor: Error: strict mode violation: locator('.alert-content') resolved to 2 elements:
    1) &lt;div class="alert-content"&gt;Conta criada com sucesso!&lt;/div&gt; aka getByText('Conta criada com sucesso!')
    2) &lt;div class="alert-content"&gt;Login realizado com sucesso!&lt;/div&gt; aka getByText('Login realizado com sucesso!')

Call log:
[2m  - waiting for locator('.alert-content') to be visible[22m
</msg>
<msg time="2025-07-11T16:40:35.417696" level="DEBUG">Suppress error: Error: locator.waitFor: Error: strict mode violation: locator('.alert-content') resolved to 2 elements:
    1) &lt;div class="alert-content"&gt;Conta criada com sucesso!&lt;/div&gt; aka getByText('Conta criada com sucesso!')
    2) &lt;div class="alert-content"&gt;Login realizado com sucesso!&lt;/div&gt; aka getByText('Login realizado com sucesso!')

Call log:
[2m  - waiting for locator('.alert-content') to be visible[22m
</msg>
<msg time="2025-07-11T16:40:35.424674" level="DEBUG">Suppress error: Error: locator.waitFor: Error: strict mode violation: locator('.alert-content') resolved to 2 elements:
    1) &lt;div class="alert-content"&gt;Conta criada com sucesso!&lt;/div&gt; aka getByText('Conta criada com sucesso!')
    2) &lt;div class="alert-content"&gt;Login realizado com sucesso!&lt;/div&gt; aka getByText('Login realizado com sucesso!')

Call log:
[2m  - waiting for locator('.alert-content') to be visible[22m
</msg>
<msg time="2025-07-11T16:40:35.433383" level="DEBUG">Suppress error: Error: locator.waitFor: Error: strict mode violation: locator('.alert-content') resolved to 2 elements:
    1) &lt;div class="alert-content"&gt;Conta criada com sucesso!&lt;/div&gt; aka getByText('Conta criada com sucesso!')
    2) &lt;div class="alert-content"&gt;Login realizado com sucesso!&lt;/div&gt; aka getByText('Login realizado com sucesso!')

Call log:
[2m  - waiting for locator('.alert-content') to be visible[22m
</msg>
<msg time="2025-07-11T16:40:35.441615" level="DEBUG">Suppress error: Error: locator.waitFor: Error: strict mode violation: locator('.alert-content') resolved to 2 elements:
    1) &lt;div class="alert-content"&gt;Conta criada com sucesso!&lt;/div&gt; aka getByText('Conta criada com sucesso!')
    2) &lt;div class="alert-content"&gt;Login realizado com sucesso!&lt;/div&gt; aka getByText('Login realizado com sucesso!')

Call log:
[2m  - waiting for locator('.alert-content') to be visible[22m
</msg>
<msg time="2025-07-11T16:40:35.452757" level="DEBUG">Suppress error: Error: locator.waitFor: Error: strict mode violation: locator('.alert-content') resolved to 2 elements:
    1) &lt;div class="alert-content"&gt;Conta criada com sucesso!&lt;/div&gt; aka getByText('Conta criada com sucesso!')
    2) &lt;div class="alert-content"&gt;Login realizado com sucesso!&lt;/div&gt; aka getByText('Login realizado com sucesso!')

Call log:
[2m  - waiting for locator('.alert-content') to be visible[22m
</msg>
<msg time="2025-07-11T16:40:35.462792" level="DEBUG">Suppress error: Error: locator.waitFor: Error: strict mode violation: locator('.alert-content') resolved to 2 elements:
    1) &lt;div class="alert-content"&gt;Conta criada com sucesso!&lt;/div&gt; aka getByText('Conta criada com sucesso!')
    2) &lt;div class="alert-content"&gt;Login realizado com sucesso!&lt;/div&gt; aka getByText('Login realizado com sucesso!')

Call log:
[2m  - waiting for locator('.alert-content') to be visible[22m
</msg>
<msg time="2025-07-11T16:40:35.473590" level="DEBUG">Suppress error: Error: locator.waitFor: Error: strict mode violation: locator('.alert-content') resolved to 2 elements:
    1) &lt;div class="alert-content"&gt;Conta criada com sucesso!&lt;/div&gt; aka getByText('Conta criada com sucesso!')
    2) &lt;div class="alert-content"&gt;Login realizado com sucesso!&lt;/div&gt; aka getByText('Login realizado com sucesso!')

Call log:
[2m  - waiting for locator('.alert-content') to be visible[22m
</msg>
[...]
<arg>css=.btn-logout</arg>
<arg>visible</arg>
<arg>timeout=5</arg>
<tag>PageContent</tag>
<tag>Wait</tag>
<doc>Waits for the element found by ``selector`` to satisfy state option.</doc>
<status status="PASS" start="2025-07-11T16:40:54.354330" elapsed="0.008410"/>
</kw>
<kw name="Click" owner="Browser">
<msg time="2025-07-11T16:40:54.364099" level="TRACE">Arguments: [ 'css=.btn-logout' ]</msg>
<msg time="2025-07-11T16:40:54.364235" level="INFO">Clicks the element 'css=.btn-logout'.</msg>
<msg time="2025-07-11T16:40:54.365358" level="DEBUG">Click options are: {"button": "left", "clickCount": 1, "force": false, "noWaitAfter": false, "trial": false}</msg>
<msg time="2025-07-11T16:40:54.413795" level="DEBUG">Clicked element: 'css=.btn-logout' with options: '{"button": "left", "clickCount": 1, "force": false, "noWaitAfter": false, "trial": false}' successfully.</msg>
<msg time="2025-07-11T16:40:54.414331" level="TRACE">Return: None</msg>
<arg>css=.btn-logout</arg>
<tag>PageContent</tag>
<tag>Setter</tag>
<doc>Simulates mouse click on the element found by ``selector``.</doc>
<status status="PASS" start="2025-07-11T16:40:54.363082" elapsed="0.051448"/>
</kw>
<kw name="Wait For Elements State" owner="Browser">
<msg time="2025-07-11T16:40:54.417227" level="TRACE">Arguments: [ 'text=Entrar' | &lt;ElementState.visible: 4&gt; | timeout=datetime.timedelta(seconds=5) ]</msg>
<msg time="2025-07-11T16:40:54.429570" level="INFO">Waited for Element with selector text=Entrar at state visible</msg>
<msg time="2025-07-11T16:40:54.430080" level="TRACE">Return: None</msg>
<arg>text=Entrar</arg>
<arg>visible</arg>
<arg>timeout=5</arg>
<tag>PageContent</tag>
<tag>Wait</tag>
<doc>Waits for the element found by ``selector`` to satisfy state option.</doc>
<status status="PASS" start="2025-07-11T16:40:54.414921" elapsed="0.015359"/>
</kw>
<kw name="Take Screenshot" owner="Browser">
<msg time="2025-07-11T16:40:54.432460" level="TRACE">Arguments: [ filename='auth_06_logout_final.png' ]</msg>
<msg time="2025-07-11T16:40:54.605221" level="DEBUG">Screenshot successfully captured to: C:\Users\thais\OneDrive\Documents\robotfrontend\logs\browser\screenshot\auth_06_logout_final.png.png</msg>
<msg time="2025-07-11T16:40:54.605671" level="INFO" html="true">&lt;/td&gt;&lt;/tr&gt;&lt;tr&gt;&lt;td colspan="3"&gt;&lt;a href="browser/screenshot/auth_06_logout_final.png.png" target="_blank"&gt;&lt;img src="browser/screenshot/auth_06_logout_final.png.png" width="800px"/&gt;&lt;/a&gt;</msg>
<msg time="2025-07-11T16:40:54.605869" level="TRACE">Return: 'C:\\Users\\thais\\OneDrive\\Documents\\robotfrontend\\logs\\browser\\screenshot\\auth_06_logout_final.png.png'</msg>
<arg>filename=auth_06_logout_final.png</arg>
<tag>PageContent</tag>
<doc>Takes a screenshot of the current window or element and saves it to disk.</doc>
<status status="PASS" start="2025-07-11T16:40:54.430639" elapsed="0.175315"/>
</kw>
<msg time="2025-07-11T16:40:54.606083" level="TRACE">Return: None</msg>
<doc>Realiza logout ao final do teste garantindo retorno à tela inicial</doc>
<status status="PASS" start="2025-07-11T16:40:54.353509" elapsed="0.252631"/>
</kw>
<kw name="Close Browser" owner="Browser">
<msg time="2025-07-11T16:40:54.607888" level="TRACE">Arguments: [  ]</msg>
<msg time="2025-07-11T16:40:54.966349" level="INFO">Closed browser</msg>
<msg time="2025-07-11T16:40:54.966505" level="TRACE">Return: None</msg>
<tag>BrowserControl</tag>
<tag>Setter</tag>
<doc>Closes the current browser.</doc>
<status status="PASS" start="2025-07-11T16:40:54.606510" elapsed="0.360050"/>
</kw>
<msg time="2025-07-11T16:40:54.969915" level="TRACE">Suppress error Error: Browser has been closed. when setting timeout.</msg>
<tag>CT-004</tag>
<tag>profile</tag>
<tag>regression</tag>
<status status="PASS" start="2025-07-11T16:40:41.127775" elapsed="13.839123"/>
</test>
<test id="s1-t4" name="Não Cadastrar com Senha Fraca" line="117">
<kw name="Start Session" owner="base">
<msg time="2025-07-11T16:40:54.980569" level="TRACE">Arguments: [  ]</msg>
<kw name="New Browser" owner="Browser">
<msg time="2025-07-11T16:40:54.981711" level="TRACE">Arguments: [ browser=&lt;SupportedBrowsers.chromium: 1&gt; | headless=False | args=['--no-sandbox', '--disable-dev-shm-usage'] ]</msg>
<msg time="2025-07-11T16:40:54.982156" level="INFO">{"browser": "chromium", "headless": false, "args": ["--no-sandbox", "--disable-dev-shm-usage"], "chromiumSandbox": false, "devtools": false, "handleSIGHUP": true, "handleSIGINT": true, "handleSIGTERM": true, "slowMo": 0.0, "timeout": 30000.0, "tracesDir": "C:\\Users\\thais\\OneDrive\\Documents\\robotfrontend\\logs\\browser\\traces\\temp\\e1c4bb30-2a80-49c9-bf0c-7927e4449bfd"}</msg>
<msg time="2025-07-11T16:40:55.349296" level="INFO">Successfully created browser with options: {"browser":"chromium","headless":false,"args":["--no-sandbox","--disable-dev-shm-usage"],"chromiumSandbox":false,"devtools":false,"handleSIGHUP":true,"handleSIGINT":true,"handleSIGTERM":true,"slowMo":0,"timeout":30000,"tracesDir":"C:\\Users\\thais\\OneDrive\\Documents\\robotfrontend\\logs\\browser\\traces\\temp\\e1c4bb30-2a80-49c9-bf0c-7927e4449bfd"}</msg>
<msg time="2025-07-11T16:40:55.349560" level="TRACE">Return: 'browser=4fcb4a90-85bb-4487-b333-29770a0a5919'</msg>
<arg>browser=chromium</arg>
<arg>headless=${HEADLESS}</arg>
<arg>args=["--no-sandbox", "--disable-dev-shm-usage"]</arg>
<tag>BrowserControl</tag>
<tag>Setter</tag>
<doc>Create a new playwright Browser with specified options.</doc>
<status status="PASS" start="2025-07-11T16:40:54.980753" elapsed="0.368917"/>
</kw>
<kw name="New Page" owner="Browser">
<msg time="2025-07-11T16:40:55.350839" level="TRACE">Arguments: [ 'http://localhost:3002/' ]</msg>
<msg time="2025-07-11T16:40:56.371364" level="INFO">Successfully initialized new page object and opened url: http://localhost:3002/</msg>
<msg time="2025-07-11T16:40:56.371483" level="INFO">No context was open. New context was automatically opened when this page is created.</msg>
<msg time="2025-07-11T16:40:56.371579" level="DEBUG">Video is not enabled.</msg>
<msg time="2025-07-11T16:40:56.371779" level="TRACE">Return: {'page_id': 'page=9dcebf3e-de4f-4761-848d-470629c54098', 'video_path': ''}</msg>
<arg>http://localhost:3002/</arg>
<tag>BrowserControl</tag>
<tag>Setter</tag>
<doc>Open a new Page.</doc>
<status status="PASS" start="2025-07-11T16:40:55.349949" elapsed="1.021936"/>
</kw>
<msg time="2025-07-11T16:40:56.372045" level="TRACE">Return: None</msg>
<status status="PASS" start="2025-07-11T16:40:54.979940" elapsed="1.392286"/>
</kw>
<kw name="Create Dictionary" owner="BuiltIn">
<msg time="2025-07-11T16:40:56.373645" level="TRACE">Arguments: [ 'name=Usuário Senha Fraca' | 'email=senha@fraca.com' | 'password=123' | 'confirmPassword=123' ]</msg>
<msg time="2025-07-11T16:40:56.374274" level="TRACE">Return: {'name': 'Usuário Senha Fraca',
 'email': 'senha@fraca.com',
 'password': '123',
 'confirmPassword': '123'}</msg>
<msg time="2025-07-11T16:40:56.374580" level="INFO">${usuario} = {'name': 'Usuário Senha Fraca', 'email': 'senha@fraca.com', 'password': '123', 'confirmPassword': '123'}</msg>
<var>${usuario}</var>
<arg>name=Usuário Senha Fraca</arg>
<arg>email=senha@fraca.com</arg>
<arg>password=123</arg>
<arg>confirmPassword=123</arg>
<doc>Creates and returns a dictionary based on the given ``items``.</doc>
<status status="PASS" start="2025-07-11T16:40:56.373183" elapsed="0.001479"/>
</kw>
<kw name="Ir Para Cadastro" owner="AuthPage">
<msg time="2025-07-11T16:40:56.379234" level="TRACE">Arguments: [  ]</msg>
<kw name="Wait For Elements State" owner="Browser">
<msg time="2025-07-11T16:40:56.380792" level="TRACE">Arguments: [ 'text=Cadastrar' | &lt;ElementState.visible: 4&gt; | timeout=datetime.timedelta(seconds=5) ]</msg>
<msg time="2025-07-11T16:40:56.592822" level="INFO">Waited for Element with selector text=Cadastrar at state visible</msg>
<msg time="2025-07-11T16:40:56.593077" level="TRACE">Return: None</msg>
<arg>text=Cadastrar</arg>
<arg>visible</arg>
<arg>timeout=5</arg>
<tag>PageContent</tag>
<tag>Wait</tag>
<doc>Waits for the element found by ``selector`` to satisfy state option.</doc>
<status status="PASS" start="2025-07-11T16:40:56.379536" elapsed="0.213637"/>
</kw>
<kw name="Click" owner="Browser">
<msg time="2025-07-11T16:40:56.594696" level="TRACE">Arguments: [ 'text=Cadastrar' ]</msg>
<msg time="2025-07-11T16:40:56.595009" level="INFO">Clicks the element 'text=Cadastrar'.</msg>
<msg time="2025-07-11T16:40:56.596095" level="DEBUG">Click options are: {"button": "left", "clickCount": 1, "force": false, "noWaitAfter": false, "trial": false}</msg>
<msg time="2025-07-11T16:40:56.970686" level="DEBUG">Clicked element: 'text=Cadastrar' with options: '{"button": "left", "clickCount": 1, "force": false, "noWaitAfter": false, "trial": false}' successfully.</msg>
<msg time="2025-07-11T16:40:56.970942" level="TRACE">Return: None</msg>
<arg>text=Cadastrar</arg>
<tag>PageContent</tag>
<tag>Setter</tag>
<doc>Simulates mouse click on the element found by ``selector``.</doc>
<status status="PASS" start="2025-07-11T16:40:56.593445" elapsed="0.377609"/>
</kw>
<msg time="2025-07-11T16:40:56.971226" level="TRACE">Return: None</msg>
<doc>Acessa a tela de cadastro a partir da página inicial</doc>
<status status="PASS" start="2025-07-11T16:40:56.378634" elapsed="0.592797"/>
</kw>
<kw name="Preencher Formulário Cadastro" owner="AuthPage">
<msg time="2025-07-11T16:40:57.014592" level="TRACE">Arguments: [ ${user}={'name': 'Usuário Senha Fraca',
 'email': 'senha@fraca.com',
 'password': '123',
 'confirmPassword': '123'} ]</msg>
<kw name="Fill Text" owner="Browser">
<msg time="2025-07-11T16:40:57.016212" level="TRACE">Arguments: [ 'id=name' | 'Usuário Senha Fraca' ]</msg>
<msg time="2025-07-11T16:40:57.016391" level="INFO">Fills the text 'Usuário Senha Fraca' in the given field.</msg>
<msg time="2025-07-11T16:40:57.044796" level="DEBUG">Fill text Usuário Senha Fraca on id=name with force: false</msg>
<msg time="2025-07-11T16:40:57.045034" level="TRACE">Return: None</msg>
<arg>id=name</arg>
<arg>${user}[name]</arg>
<tag>PageContent</tag>
<tag>Setter</tag>
<doc>Clears and fills the given ``txt`` into the text field found by ``selector``.</doc>
<status status="PASS" start="2025-07-11T16:40:57.015169" elapsed="0.029977"/>
</kw>
<kw name="Fill Text" owner="Browser">
<msg time="2025-07-11T16:40:57.046652" level="TRACE">Arguments: [ 'id=email' | 'senha@fraca.com' ]</msg>
<msg time="2025-07-11T16:40:57.046856" level="INFO">Fills the text 'senha@fraca.com' in the given field.</msg>
<msg time="2025-07-11T16:40:57.102161" level="DEBUG">Fill text senha@fraca.com on id=email with force: false</msg>
<msg time="2025-07-11T16:40:57.102459" level="TRACE">Return: None</msg>
<arg>id=email</arg>
<arg>${user}[email]</arg>
<tag>PageContent</tag>
<tag>Setter</tag>
<doc>Clears and fills the given ``txt`` into the text field found by ``selector``.</doc>
<status status="PASS" start="2025-07-11T16:40:57.045430" elapsed="0.057129"/>
</kw>
<kw name="Fill Text" owner="Browser">
<msg time="2025-07-11T16:40:57.103990" level="TRACE">Arguments: [ 'id=password' | '123' ]</msg>
<msg time="2025-07-11T16:40:57.104162" level="INFO">Fills the text '123' in the given field.</msg>
<msg time="2025-07-11T16:40:57.137620" level="DEBUG">Fill text 123 on id=password with force: false</msg>
<msg time="2025-07-11T16:40:57.138049" level="TRACE">Return: None</msg>
<arg>id=password</arg>
<arg>${user}[password]</arg>
<tag>PageContent</tag>
<tag>Setter</tag>
<doc>Clears and fills the given ``txt`` into the text field found by ``selector``.</doc>
<status status="PASS" start="2025-07-11T16:40:57.102825" elapsed="0.035441"/>
</kw>
<kw name="Fill Text" owner="Browser">
<msg time="2025-07-11T16:40:57.139744" level="TRACE">Arguments: [ 'id=confirmPassword' | '123' ]</msg>
<msg time="2025-07-11T16:40:57.139960" level="INFO">Fills the text '123' in the given field.</msg>
<msg time="2025-07-11T16:40:57.176654" level="DEBUG">Fill text 123 on id=confirmPassword with force: false</msg>
<msg time="2025-07-11T16:40:57.176970" level="TRACE">Return: None</msg>
<arg>id=confirmPassword</arg>
<arg>${user}[confirmPassword]</arg>
<tag>PageContent</tag>
<tag>Setter</tag>
<doc>Clears and fills the given ``txt`` into the text field found by ``selector``.</doc>
<status status="PASS" start="2025-07-11T16:40:57.138617" elapsed="0.038515"/>
</kw>
<kw name="Take Screenshot" owner="Browser">
<msg time="2025-07-11T16:40:57.179020" level="TRACE">Arguments: [ filename='auth_01_form_cadastro.png' ]</msg>
<msg time="2025-07-11T16:40:57.408659" level="DEBUG">Screenshot successfully captured to: C:\Users\thais\OneDrive\Documents\robotfrontend\logs\browser\screenshot\auth_01_form_cadastro.png.png</msg>
<msg time="2025-07-11T16:40:57.409347" level="INFO" html="true">&lt;/td&gt;&lt;/tr&gt;&lt;tr&gt;&lt;td colspan="3"&gt;&lt;a href="browser/screenshot/auth_01_form_cadastro.png.png" target="_blank"&gt;&lt;img src="browser/screenshot/auth_01_form_cadastro.png.png" width="800px"/&gt;&lt;/a&gt;</msg>
<msg time="2025-07-11T16:40:57.409621" level="TRACE">Return: 'C:\\Users\\thais\\OneDrive\\Documents\\robotfrontend\\logs\\browser\\screenshot\\auth_01_form_cadastro.png.png'</msg>
<arg>filename=auth_01_form_cadastro.png</arg>
<tag>PageContent</tag>
<doc>Takes a screenshot of the current window or element and saves it to disk.</doc>
<status status="PASS" start="2025-07-11T16:40:57.177731" elapsed="0.232004"/>
</kw>
<msg time="2025-07-11T16:40:57.409915" level="TRACE">Return: None</msg>
<arg>${usuario}</arg>
<doc>Preenche os campos do formulário de cadastro com dados válidos ou inválidos</doc>
<status status="PASS" start="2025-07-11T16:40:57.013570" elapsed="0.396432"/>
</kw>
<kw name="Submeter Cadastro" owner="AuthPage">
<msg time="2025-07-11T16:40:57.415856" level="TRACE">Arguments: [  ]</msg>
<kw name="Click" owner="Browser">
<msg time="2025-07-11T16:40:57.417214" level="TRACE">Arguments: [ 'css=button[type=submit]' ]</msg>
<msg time="2025-07-11T16:40:57.417388" level="INFO">Clicks the element 'css=button[type=submit]'.</msg>
<msg time="2025-07-11T16:40:57.418511" level="DEBUG">Click options are: {"button": "left", "clickCount": 1, "force": false, "noWaitAfter": false, "trial": false}</msg>
<msg time="2025-07-11T16:40:57.492136" level="DEBUG">Clicked element: 'css=button[type=submit]' with options: '{"button": "left", "clickCount": 1, "force": false, "noWaitAfter": false, "trial": false}' successfully.</msg>
<msg time="2025-07-11T16:40:57.492409" level="TRACE">Return: None</msg>
<arg>css=button[type=submit]</arg>
<tag>PageContent</tag>
<tag>Setter</tag>
<doc>Simulates mouse click on the element found by ``selector``.</doc>
<status status="PASS" start="2025-07-11T16:40:57.416176" elapsed="0.076577"/>
</kw>
<kw name="Take Screenshot" owner="Browser">
<msg time="2025-07-11T16:40:57.494374" level="TRACE">Arguments: [ filename='auth_02_submit_cadastro.png' ]</msg>
<msg time="2025-07-11T16:40:57.787755" level="DEBUG">Screenshot successfully captured to: C:\Users\thais\OneDrive\Documents\robotfrontend\logs\browser\screenshot\auth_02_submit_cadastro.png.png</msg>
<msg time="2025-07-11T16:40:57.788247" level="INFO" html="true">&lt;/td&gt;&lt;/tr&gt;&lt;tr&gt;&lt;td colspan="3"&gt;&lt;a href="browser/screenshot/auth_02_submit_cadastro.png.png" target="_blank"&gt;&lt;img src="browser/screenshot/auth_02_submit_cadastro.png.png" width="800px"/&gt;&lt;/a&gt;</msg>
<msg time="2025-07-11T16:40:57.788539" level="TRACE">Return: 'C:\\Users\\thais\\OneDrive\\Documents\\robotfrontend\\logs\\browser\\screenshot\\auth_02_submit_cadastro.png.png'</msg>
<arg>filename=auth_02_submit_cadastro.png</arg>
<tag>PageContent</tag>
<doc>Takes a screenshot of the current window or element and saves it to disk.</doc>
<status status="PASS" start="2025-07-11T16:40:57.493123" elapsed="0.295552"/>
</kw>
<msg time="2025-07-11T16:40:57.788853" level="TRACE">Return: None</msg>
<doc>Clica no botão para submeter o cadastro</doc>
<status status="PASS" start="2025-07-11T16:40:57.415083" elapsed="0.373856"/>
</kw>
<kw name="Validar Alerta de Erro" owner="common">
<msg time="2025-07-11T16:40:57.797901" level="TRACE">Arguments: [ ${mensagem_esperada}='Validation failed' ]</msg>
<kw name="Wait For Elements State" owner="Browser">
<msg time="2025-07-11T16:40:57.799516" level="TRACE">Arguments: [ 'css=.alert-content' | &lt;ElementState.visible: 4&gt; | timeout=datetime.timedelta(seconds=5) ]</msg>
<msg time="2025-07-11T16:40:57.811661" level="INFO">Waited for Element with selector css=.alert-content at state visible</msg>
<msg time="2025-07-11T16:40:57.812049" level="TRACE">Return: None</msg>
<arg>css=.alert-content</arg>
<arg>visible</arg>
<arg>timeout=5</arg>
<tag>PageContent</tag>
<tag>Wait</tag>
<doc>Waits for the element found by ``selector`` to satisfy state option.</doc>
<status status="PASS" start="2025-07-11T16:40:57.798262" elapsed="0.013924"/>
</kw>
<kw name="Get Text" owner="Browser">
<msg time="2025-07-11T16:40:57.814453" level="TRACE">Arguments: [ 'css=.alert-content' ]</msg>
<msg time="2025-07-11T16:40:57.850372" level="DEBUG">Text received successfully.</msg>
<msg time="2025-07-11T16:40:57.850490" level="INFO">Text: 'Validation failed'</msg>
<msg time="2025-07-11T16:40:57.850606" level="TRACE">Return: 'Validation failed'</msg>
<msg time="2025-07-11T16:40:57.850773" level="INFO">${mensagem} = Validation failed</msg>
<var>${mensagem}</var>
<arg>css=.alert-content</arg>
<tag>Assertion</tag>
<tag>Getter</tag>
<tag>PageContent</tag>
<doc>Returns text attribute of the element found by ``selector``.</doc>
<status status="PASS" start="2025-07-11T16:40:57.812696" elapsed="0.038128"/>
</kw>
<kw name="Should Be Equal As Strings" owner="BuiltIn">
<msg time="2025-07-11T16:40:57.852337" level="TRACE">Arguments: [ 'Validation failed' | 'Validation failed' ]</msg>
<msg time="2025-07-11T16:40:57.852516" level="DEBUG">Argument types are:
&lt;class 'str'&gt;
&lt;class 'str'&gt;</msg>
<msg time="2025-07-11T16:40:57.852598" level="TRACE">Return: None</msg>
<arg>${mensagem}</arg>
<arg>${mensagem_esperada}</arg>
<doc>Fails if objects are unequal after converting them to strings.</doc>
<status status="PASS" start="2025-07-11T16:40:57.851255" elapsed="0.001413"/>
</kw>
<msg time="2025-07-11T16:40:57.852912" level="TRACE">Return: None</msg>
<arg>Validation failed</arg>
<status status="PASS" start="2025-07-11T16:40:57.796762" elapsed="0.056262"/>
</kw>
<kw name="Close Browser" owner="Browser">
<msg time="2025-07-11T16:40:57.857857" level="TRACE">Arguments: [  ]</msg>
<msg time="2025-07-11T16:40:58.418433" level="INFO">Closed browser</msg>
<msg time="2025-07-11T16:40:58.418652" level="TRACE">Return: None</msg>
<tag>BrowserControl</tag>
<tag>Setter</tag>
<doc>Closes the current browser.</doc>
<status status="PASS" start="2025-07-11T16:40:57.856394" elapsed="0.562341"/>
</kw>
<msg time="2025-07-11T16:40:58.422626" level="TRACE">Suppress error Error: Browser has been closed. when setting timeout.</msg>
<tag>CT-003</tag>
<tag>negative</tag>
<status status="PASS" start="2025-07-11T16:40:54.974668" elapsed="3.444636"/>
</test>
<doc>Testes E2E de cadastro e login de usuário</doc>
<status status="PASS" start="2025-07-11T16:40:02.065795" elapsed="56.372047"/>
</suite>
<statistics>
<total>
<stat pass="4" fail="0" skip="0">All Tests</stat>
</total>
<tag>
<stat pass="1" fail="0" skip="0">critical</stat>
<stat pass="1" fail="0" skip="0">CT-001</stat>
<stat pass="1" fail="0" skip="0">CT-002</stat>
<stat pass="1" fail="0" skip="0">CT-003</stat>
<stat pass="1" fail="0" skip="0">CT-004</stat>
<stat pass="1" fail="0" skip="0">e2e</stat>
<stat pass="2" fail="0" skip="0">negative</stat>
<stat pass="1" fail="0" skip="0">profile</stat>
<stat pass="2" fail="0" skip="0">regression</stat>
<stat pass="1" fail="0" skip="0">smoke</stat>
</tag>
<suite>
<stat name="Signup" id="s1" pass="4" fail="0" skip="0">Signup</stat>
</suite>
</statistics>
<errors>
</errors>
</robot>
